<ShowPlanXML xmlns="http://schemas.microsoft.com/sqlserver/2004/07/showplan" Version="1.1" Build="10.50.1600.1"><BatchSequence><Batch><Statements><StmtSimple StatementText="&#xd;&#xa;DECLARE @ImpCod CHAR(10) = &apos;IPU&apos;;&#xd;&#xa;DECLARE @PeriodCod INT = 2017;&#xd;&#xa;&#xd;&#xa;DECLARE @aPeriodCod INT = (SELECT MAX([PeriodCod]) FROM [IMP_Periodo] WHERE [ImpCod] = @ImpCod and [PeriodCod] &lt; @PeriodCod);&#xd;&#xa;DECLARE @aVgfCod INT = (SELECT MAX([PeriodAnho]) FROM [IMP_Periodo] WHERE [ImpCod] = @ImpCod and [PeriodCod] &lt; @PeriodCod);&#xd;&#xa;DECLARE @VgfCod INT = (SELECT MAX([PeriodAnho]) FROM [IMP_Periodo] WHERE [ImpCod] = @ImpCod and [PeriodCod] = @PeriodCod);&#xd;&#xa;DECLARE @aCptCod CHAR(10) = (SELECT MAX([ImpCptCap01]) FROM [IMP_Impuesto] WHERE [ImpCod] = @ImpCod);&#xd;&#xa;&#xd;&#xa;SELECT&#xd;&#xa;&#x9;prd.[PrdRef]&#x9;&#x9;&#x9;as [Referencia Catastral]&#xd;&#xa;&#x9;,prd.[PrdPrpNom]&#x9;&#x9;as [Propietario Titular]&#xd;&#xa;&#x9;,prd.[PrdDir]&#x9;&#x9;&#x9;as [Direccion]&#xd;&#xa;&#x9;,tpra.[TprNom]&#x9;&#x9;&#x9;as [Tipo Anterior]&#xd;&#xa;&#x9;,dsta.[DstNom]&#x9;&#x9;&#x9;as [Destino Anterior]&#xd;&#xa;&#x9;,avla.[PrdVigAvl]&#x9;&#x9;as [Avaluo Anterior]&#xd;&#xa;&#x9;,gg.[SxcTar]&#x9;&#x9;&#x9;as [Tarifa Anterior]&#xd;&#xa;&#x9;,gg.[SxcFac]&#x9;&#x9;&#x9;as [Liquidacion Anterior]&#xd;&#xa;&#x9;,tpr.[TprNom]&#x9;&#x9;&#x9;as [Tipo Actual]&#xd;&#xa;&#x9;,dst.[DstNom]&#x9;&#x9;&#x9;as [Destino Actual]&#xd;&#xa;&#x9;,avl.[PrdVigAvl]&#x9;&#x9;as [Avaluo Actual]&#xd;&#xa;&#x9;,tt.[SxcTar]&#x9;&#x9;&#x9;as [Tarifa Actual]&#xd;&#xa;&#x9;,tt.[SxcFacBrt]&#x9;&#x9;&#x9;as [Liquidacion Actual]&#xd;&#xa;&#x9;,tt.[SxcLim]&#x9;&#x9;as [Limitante]&#xd;&#xa;&#x9;,(tt.[SxcLimFct] - 1)*100&#x9;as [Porc Lim]&#xd;&#xa;&#x9;,tt.[SxcFac]&#x9;&#x9;&#x9;as [Liquidado con Limitante]&#xd;&#xa;FROM&#xd;&#xa;&#x9;[IMP_Contribuyente] as prd&#xd;&#xa;INNER JOIN&#xd;&#xa;&#x9;[PRD_Avaluo] as avl&#xd;&#xa;&#x9;ON prd.[ImpCod] = avl.[ImpCod]&#xd;&#xa;&#x9;and prd.[CntCod] = avl.[CntCod]&#xd;&#xa;&#x9;and avl.[VigCod] = @VgfCod&#xd;&#xa;INNER JOIN&#xd;&#xa;&#x9;[PRD_Avaluo] as avla&#xd;&#xa;&#x9;ON prd.[ImpCod] = avla.[ImpCod]&#xd;&#xa;&#x9;and prd.[CntCod] = avla.[CntCod]&#xd;&#xa;&#x9;and avla.[VigCod] = @aVgfCod&#xd;&#xa;INNER JOIN&#xd;&#xa;&#x9;(&#xd;&#xa;&#x9;SELECT&#xd;&#xa;&#x9;&#x9;&#x9;mov.[ImpCod]&#xd;&#xa;&#x9;&#x9;&#x9;,mov.[MovCod]&#xd;&#xa;&#x9;&#x9;&#x9;,mdet.[CptCod]&#xd;&#xa;&#x9;&#x9;&#x9;,MAX(mdet.[MdetTfaItm]) as [TfaItem]&#xd;&#xa;&#x9;&#x9;&#x9;,MAX(mov.[CntCod]) as [CntCod]&#xd;&#xa;&#x9;&#x9;&#x9;,MAX(mdet.[MdetTar])&#x9;as [SxcTar]&#xd;&#xa;&#x9;&#x9;&#x9;,SUM(mdet.[MdetBase])&#x9;as [SxcBase]&#xd;&#xa;&#x9;&#x9;&#x9;,SUM(mdet.[MdetFac])&#x9;as [SxcFacBrt]&#xd;&#xa;&#x9;&#x9;&#x9;,SUM(mdet.[MdetFac]+mdet.[MdetDeb]-mdet.[MdetCrd]-mdet.[MdetPag]) as [SxcFac]&#xd;&#xa;&#x9;&#x9;&#x9;,MAX(mdet.[MdetLim])&#x9;as [SxcLim]&#xd;&#xa;&#x9;&#x9;&#x9;,MAX(mdet.[MdetLimFct]) as [SxcLimFct]&#xd;&#xa;&#x9;&#x9;FROM&#xd;&#xa;&#x9;&#x9;&#x9;[IMP_Movimiento] as mov&#xd;&#xa;&#x9;&#x9;INNER JOIN&#xd;&#xa;&#x9;&#x9;&#x9;[IMP_MovimientoDetalle] as mdet&#xd;&#xa;&#x9;&#x9;&#x9;ON mdet.[ImpCod] = mov.[ImpCod]&#xd;&#xa;&#x9;&#x9;&#x9;and mdet.[MovCod] = mov.[MovCod]&#xd;&#xa;&#x9;&#x9;WHERE&#xd;&#xa;&#x9;&#x9;&#x9;mov.[ImpCod] = @ImpCod&#xd;&#xa;&#x9;&#x9;&#x9;and mdet.[PeriodCod] = @PeriodCod&#xd;&#xa;&#x9;&#x9;&#x9;and mdet.[CptCod] = @aCptCod&#xd;&#xa;&#x9;&#x9;&#x9;and mov.[MovTip] = &apos;CAUSACION&apos;&#xd;&#xa;&#x9;&#x9;&#x9;and mov.[MovEst] = 1&#xd;&#xa;&#x9;&#x9;&#x9;and mdet.[MdetLim] is not null&#xd;&#xa;&#x9;&#x9;&#x9;and mdet.[MdetLim] &lt;&gt; &apos;&apos;&#xd;&#xa;&#x9;&#x9;GROUP BY&#xd;&#xa;&#x9;&#x9;&#x9;mov.[ImpCod]&#xd;&#xa;&#x9;&#x9;&#x9;,mov.[MovCod]&#xd;&#xa;&#x9;&#x9;&#x9;,mdet.[CptCod]&#xd;&#xa;&#x9;&#xd;&#xa;&#x9;) as tt&#xd;&#xa;&#x9;ON tt.[ImpCod] = prd.[ImpCod]&#xd;&#xa;&#x9;and tt.[CntCod] = prd.[CntCod]&#xd;&#xa;INNER JOIN&#xd;&#xa;&#x9;(&#xd;&#xa;&#x9;SELECT&#xd;&#xa;&#x9;&#x9;&#x9;mov.[ImpCod]&#xd;&#xa;&#x9;&#x9;&#x9;,mov.[MovCod]&#xd;&#xa;&#x9;&#x9;&#x9;,mdet.[CptCod]&#xd;&#xa;&#x9;&#x9;&#x9;,MAX(mdet.[MdetTfaItm]) as [TfaItem]&#xd;&#xa;&#x9;&#x9;&#x9;,MAX(mov.[CntCod]) as [CntCod]&#xd;&#xa;&#x9;&#x9;&#x9;,MAX(mdet.[MdetTar])&#x9;as [SxcTar]&#xd;&#xa;&#x9;&#x9;&#x9;,SUM(mdet.[MdetBase])&#x9;as [SxcBase]&#xd;&#xa;&#x9;&#x9;&#x9;,SUM(mdet.[MdetFac])&#x9;as [SxcFacBrt]&#xd;&#xa;&#x9;&#x9;&#x9;,SUM(mdet.[MdetFac]+mdet.[MdetDeb]-mdet.[MdetCrd]-mdet.[MdetPag]) as [SxcFac]&#xd;&#xa;&#x9;&#x9;&#x9;,MAX(mdet.[MdetLim])&#x9;as [SxcMdetLim]&#xd;&#xa;&#x9;&#x9;&#x9;,MAX(mdet.[MdetLimFct]) as [SxcMdetLimFct]&#xd;&#xa;&#x9;&#x9;FROM&#xd;&#xa;&#x9;&#x9;&#x9;[IMP_Movimiento] as mov&#xd;&#xa;&#x9;&#x9;INNER JOIN&#xd;&#xa;&#x9;&#x9;&#x9;[IMP_MovimientoDetalle] as mdet&#xd;&#xa;&#x9;&#x9;&#x9;ON mdet.[ImpCod] = mov.[ImpCod]&#xd;&#xa;&#x9;&#x9;&#x9;and mdet.[MovCod] = mov.[MovCod]&#xd;&#xa;&#x9;&#x9;WHERE&#xd;&#xa;&#x9;&#x9;&#x9;mov.[ImpCod] = @ImpCod&#xd;&#xa;&#x9;&#x9;&#x9;and mdet.[PeriodCod] = @aPeriodCod&#xd;&#xa;&#x9;&#x9;&#x9;and mdet.[CptCod] = @aCptCod&#xd;&#xa;&#x9;&#x9;&#x9;and mov.[MovTip] = &apos;CAUSACION&apos;&#xd;&#xa;&#x9;&#x9;&#x9;and mov.[MovEst] = 1&#xd;&#xa;&#x9;&#x9;GROUP BY&#xd;&#xa;&#x9;&#x9;&#x9;mov.[ImpCod]&#xd;&#xa;&#x9;&#x9;&#x9;,mov.[MovCod]&#xd;&#xa;&#x9;&#x9;&#x9;,mdet.[CptCod]&#xd;&#xa;&#x9;&#xd;&#xa;&#x9;) as gg&#xd;&#xa;&#x9;ON gg.[ImpCod] = prd.[ImpCod]&#xd;&#xa;&#x9;and gg.[CntCod] = prd.[CntCod]&#xd;&#xa;LEFT JOIN&#xd;&#xa;&#x9;[PRD_Tipo] as tpr&#xd;&#xa;&#x9;ON avl.[PrdVigTprCod] = tpr.[TprCod]&#xd;&#xa;LEFT JOIN&#xd;&#xa;&#x9;[PRD_Destino] as dst&#xd;&#xa;&#x9;ON avl.[PrdVigDstCod] = dst.[DstCod]&#xd;&#xa;LEFT JOIN&#xd;&#xa;&#x9;[PRD_Tipo] as tpra&#xd;&#xa;&#x9;ON avla.[PrdVigTprCod] = tpra.[TprCod]&#xd;&#xa;LEFT JOIN&#xd;&#xa;&#x9;[PRD_Destino] as dsta&#xd;&#xa;&#x9;ON avla.[PrdVigDstCod] = dsta.[DstCod]&#xd;&#xa;WHERE&#xd;&#xa;&#x9;prd.[ImpCod] = @ImpCod" StatementId="1" StatementCompId="7" StatementType="SELECT" StatementSubTreeCost="5.63459" StatementEstRows="32.6696" StatementOptmLevel="FULL" QueryHash="0x4CA2190FA12E12B5" QueryPlanHash="0x7E92B7C621568DD1" StatementOptmEarlyAbortReason="TimeOut"><StatementSetOptions QUOTED_IDENTIFIER="true" ARITHABORT="true" CONCAT_NULL_YIELDS_NULL="true" ANSI_NULLS="true" ANSI_PADDING="true" ANSI_WARNINGS="true" NUMERIC_ROUNDABORT="false"/><QueryPlan CachedPlanSize="280" CompileTime="125" CompileCPU="125" CompileMemory="4848"><MissingIndexes><MissingIndexGroup Impact="38.3122"><MissingIndex Database="[PTributario_Montelibano]" Schema="[dbo]" Table="[IMP_MovimientoDetalle]"><ColumnGroup Usage="EQUALITY"><Column Name="[ImpCod]" ColumnId="1"/><Column Name="[PeriodCod]" ColumnId="4"/><Column Name="[CptCod]" ColumnId="5"/></ColumnGroup><ColumnGroup Usage="INCLUDE"><Column Name="[MovCod]" ColumnId="2"/><Column Name="[MdetFac]" ColumnId="6"/><Column Name="[MdetPag]" ColumnId="7"/><Column Name="[MdetCrd]" ColumnId="8"/><Column Name="[MdetDeb]" ColumnId="9"/><Column Name="[MdetTar]" ColumnId="13"/></ColumnGroup></MissingIndex></MissingIndexGroup><MissingIndexGroup Impact="36.5947"><MissingIndex Database="[PTributario_Montelibano]" Schema="[dbo]" Table="[IMP_MovimientoDetalle]"><ColumnGroup Usage="EQUALITY"><Column Name="[ImpCod]" ColumnId="1"/><Column Name="[PeriodCod]" ColumnId="4"/><Column Name="[CptCod]" ColumnId="5"/></ColumnGroup><ColumnGroup Usage="INEQUALITY"><Column Name="[MdetLim]" ColumnId="24"/></ColumnGroup><ColumnGroup Usage="INCLUDE"><Column Name="[MovCod]" ColumnId="2"/><Column Name="[MdetFac]" ColumnId="6"/><Column Name="[MdetPag]" ColumnId="7"/><Column Name="[MdetCrd]" ColumnId="8"/><Column Name="[MdetDeb]" ColumnId="9"/><Column Name="[MdetTar]" ColumnId="13"/><Column Name="[MdetLimFct]" ColumnId="23"/></ColumnGroup></MissingIndex></MissingIndexGroup></MissingIndexes><RelOp NodeId="0" PhysicalOp="Compute Scalar" LogicalOp="Compute Scalar" EstimateRows="32.6696" EstimateIO="0" EstimateCPU="3.26696e-006" AvgRowSize="910" EstimatedTotalSubtreeCost="5.63459" Parallel="0" EstimateRebinds="0" EstimateRewinds="0"><OutputList><ColumnReference Database="[PTributario_Montelibano]" Schema="[dbo]" Table="[IMP_Contribuyente]" Alias="[prd]" Column="PrdRef"/><ColumnReference Database="[PTributario_Montelibano]" Schema="[dbo]" Table="[IMP_Contribuyente]" Alias="[prd]" Column="PrdDir"/><ColumnReference Database="[PTributario_Montelibano]" Schema="[dbo]" Table="[IMP_Contribuyente]" Alias="[prd]" Column="PrdPrpNom"/><ColumnReference Database="[PTributario_Montelibano]" Schema="[dbo]" Table="[PRD_Avaluo]" Alias="[avl]" Column="PrdVigAvl"/><ColumnReference Database="[PTributario_Montelibano]" Schema="[dbo]" Table="[PRD_Avaluo]" Alias="[avla]" Column="PrdVigAvl"/><ColumnReference Column="Expr1012"/><ColumnReference Column="Expr1014"/><ColumnReference Column="Expr1015"/><ColumnReference Column="Expr1016"/><ColumnReference Column="Expr1024"/><ColumnReference Column="Expr1027"/><ColumnReference Database="[PTributario_Montelibano]" Schema="[dbo]" Table="[PRD_Tipo]" Alias="[tpr]" Column="TprNom"/><ColumnReference Database="[PTributario_Montelibano]" Schema="[dbo]" Table="[PRD_Destino]" Alias="[dst]" Column="DstNom"/><ColumnReference Database="[PTributario_Montelibano]" Schema="[dbo]" Table="[PRD_Tipo]" Alias="[tpra]" Column="TprNom"/><ColumnReference Database="[PTributario_Montelibano]" Schema="[dbo]" Table="[PRD_Destino]" Alias="[dsta]" Column="DstNom"/><ColumnReference Column="Expr1038"/></OutputList><ComputeScalar><DefinedValues><DefinedValue><ColumnReference Column="Expr1038"/><ScalarOperator ScalarString="([Expr1017]-($1.0000))*($100.0000)"><Arithmetic Operation="MULT"><ScalarOperator><Arithmetic Operation="SUB"><ScalarOperator><Identifier><ColumnReference Column="Expr1017"/></Identifier></ScalarOperator><ScalarOperator><Const ConstValue="($1.0000)"/></ScalarOperator></Arithmetic></ScalarOperator><ScalarOperator><Const ConstValue="($100.0000)"/></ScalarOperator></Arithmetic></ScalarOperator></DefinedValue></DefinedValues><RelOp NodeId="1" PhysicalOp="Nested Loops" LogicalOp="Left Outer Join" EstimateRows="32.6696" EstimateIO="0" EstimateCPU="0.000136559" AvgRowSize="910" EstimatedTotalSubtreeCost="5.63459" Parallel="0" EstimateRebinds="0" EstimateRewinds="0"><OutputList><ColumnReference Database="[PTributario_Montelibano]" Schema="[dbo]" Table="[IMP_Contribuyente]" Alias="[prd]" Column="PrdRef"/><ColumnReference Database="[PTributario_Montelibano]" Schema="[dbo]" Table="[IMP_Contribuyente]" Alias="[prd]" Column="PrdDir"/><ColumnReference Database="[PTributario_Montelibano]" Schema="[dbo]" Table="[IMP_Contribuyente]" Alias="[prd]" Column="PrdPrpNom"/><ColumnReference Database="[PTributario_Montelibano]" Schema="[dbo]" Table="[PRD_Avaluo]" Alias="[avl]" Column="PrdVigAvl"/><ColumnReference Database="[PTributario_Montelibano]" Schema="[dbo]" Table="[PRD_Avaluo]" Alias="[avla]" Column="PrdVigAvl"/><ColumnReference Column="Expr1012"/><ColumnReference Column="Expr1014"/><ColumnReference Column="Expr1015"/><ColumnReference Column="Expr1016"/><ColumnReference Column="Expr1017"/><ColumnReference Column="Expr1024"/><ColumnReference Column="Expr1027"/><ColumnReference Database="[PTributario_Montelibano]" Schema="[dbo]" Table="[PRD_Tipo]" Alias="[tpr]" Column="TprNom"/><ColumnReference Database="[PTributario_Montelibano]" Schema="[dbo]" Table="[PRD_Destino]" Alias="[dst]" Column="DstNom"/><ColumnReference Database="[PTributario_Montelibano]" Schema="[dbo]" Table="[PRD_Tipo]" Alias="[tpra]" Column="TprNom"/><ColumnReference Database="[PTributario_Montelibano]" Schema="[dbo]" Table="[PRD_Destino]" Alias="[dsta]" Column="DstNom"/></OutputList><NestedLoops Optimized="0"><OuterReferences><ColumnReference Database="[PTributario_Montelibano]" Schema="[dbo]" Table="[PRD_Avaluo]" Alias="[avla]" Column="PrdVigDstCod"/></OuterReferences><RelOp NodeId="2" PhysicalOp="Nested Loops" LogicalOp="Left Outer Join" EstimateRows="32.6696" EstimateIO="0" EstimateCPU="0.00163871" AvgRowSize="800" EstimatedTotalSubtreeCost="5.62616" Parallel="0" EstimateRebinds="0" EstimateRewinds="0"><OutputList><ColumnReference Database="[PTributario_Montelibano]" Schema="[dbo]" Table="[IMP_Contribuyente]" Alias="[prd]" Column="PrdRef"/><ColumnReference Database="[PTributario_Montelibano]" Schema="[dbo]" Table="[IMP_Contribuyente]" Alias="[prd]" Column="PrdDir"/><ColumnReference Database="[PTributario_Montelibano]" Schema="[dbo]" Table="[IMP_Contribuyente]" Alias="[prd]" Column="PrdPrpNom"/><ColumnReference Database="[PTributario_Montelibano]" Schema="[dbo]" Table="[PRD_Avaluo]" Alias="[avl]" Column="PrdVigAvl"/><ColumnReference Database="[PTributario_Montelibano]" Schema="[dbo]" Table="[PRD_Avaluo]" Alias="[avla]" Column="PrdVigAvl"/><ColumnReference Database="[PTributario_Montelibano]" Schema="[dbo]" Table="[PRD_Avaluo]" Alias="[avla]" Column="PrdVigDstCod"/><ColumnReference Column="Expr1012"/><ColumnReference Column="Expr1014"/><ColumnReference Column="Expr1015"/><ColumnReference Column="Expr1016"/><ColumnReference Column="Expr1017"/><ColumnReference Column="Expr1024"/><ColumnReference Column="Expr1027"/><ColumnReference Database="[PTributario_Montelibano]" Schema="[dbo]" Table="[PRD_Tipo]" Alias="[tpr]" Column="TprNom"/><ColumnReference Database="[PTributario_Montelibano]" Schema="[dbo]" Table="[PRD_Destino]" Alias="[dst]" Column="DstNom"/><ColumnReference Database="[PTributario_Montelibano]" Schema="[dbo]" Table="[PRD_Tipo]" Alias="[tpra]" Column="TprNom"/></OutputList><NestedLoops Optimized="0"><Predicate><ScalarOperator ScalarString="[PTributario_Montelibano].[dbo].[PRD_Avaluo].[PrdVigTprCod] as [avla].[PrdVigTprCod]=[PTributario_Montelibano].[dbo].[PRD_Tipo].[TprCod] as [tpra].[TprCod]"><Compare CompareOp="EQ"><ScalarOperator><Identifier><ColumnReference Database="[PTributario_Montelibano]" Schema="[dbo]" Table="[PRD_Avaluo]" Alias="[avla]" Column="PrdVigTprCod"/></Identifier></ScalarOperator><ScalarOperator><Identifier><ColumnReference Database="[PTributario_Montelibano]" Schema="[dbo]" Table="[PRD_Tipo]" Alias="[tpra]" Column="TprCod"/></Identifier></ScalarOperator></Compare></ScalarOperator></Predicate><RelOp NodeId="3" PhysicalOp="Nested Loops" LogicalOp="Left Outer Join" EstimateRows="32.6696" EstimateIO="0" EstimateCPU="0.000136559" AvgRowSize="690" EstimatedTotalSubtreeCost="5.61821" Parallel="0" EstimateRebinds="0" EstimateRewinds="0"><OutputList><ColumnReference Database="[PTributario_Montelibano]" Schema="[dbo]" Table="[IMP_Contribuyente]" Alias="[prd]" Column="PrdRef"/><ColumnReference Database="[PTributario_Montelibano]" Schema="[dbo]" Table="[IMP_Contribuyente]" Alias="[prd]" Column="PrdDir"/><ColumnReference Database="[PTributario_Montelibano]" Schema="[dbo]" Table="[IMP_Contribuyente]" Alias="[prd]" Column="PrdPrpNom"/><ColumnReference Database="[PTributario_Montelibano]" Schema="[dbo]" Table="[PRD_Avaluo]" Alias="[avl]" Column="PrdVigAvl"/><ColumnReference Database="[PTributario_Montelibano]" Schema="[dbo]" Table="[PRD_Avaluo]" Alias="[avla]" Column="PrdVigAvl"/><ColumnReference Database="[PTributario_Montelibano]" Schema="[dbo]" Table="[PRD_Avaluo]" Alias="[avla]" Column="PrdVigDstCod"/><ColumnReference Database="[PTributario_Montelibano]" Schema="[dbo]" Table="[PRD_Avaluo]" Alias="[avla]" Column="PrdVigTprCod"/><ColumnReference Column="Expr1012"/><ColumnReference Column="Expr1014"/><ColumnReference Column="Expr1015"/><ColumnReference Column="Expr1016"/><ColumnReference Column="Expr1017"/><ColumnReference Column="Expr1024"/><ColumnReference Column="Expr1027"/><ColumnReference Database="[PTributario_Montelibano]" Schema="[dbo]" Table="[PRD_Tipo]" Alias="[tpr]" Column="TprNom"/><ColumnReference Database="[PTributario_Montelibano]" Schema="[dbo]" Table="[PRD_Destino]" Alias="[dst]" Column="DstNom"/></OutputList><NestedLoops Optimized="0"><OuterReferences><ColumnReference Database="[PTributario_Montelibano]" Schema="[dbo]" Table="[PRD_Avaluo]" Alias="[avl]" Column="PrdVigDstCod"/></OuterReferences><RelOp NodeId="4" PhysicalOp="Nested Loops" LogicalOp="Left Outer Join" EstimateRows="32.6696" EstimateIO="0" EstimateCPU="0.00163871" AvgRowSize="580" EstimatedTotalSubtreeCost="5.60978" Parallel="0" EstimateRebinds="0" EstimateRewinds="0"><OutputList><ColumnReference Database="[PTributario_Montelibano]" Schema="[dbo]" Table="[IMP_Contribuyente]" Alias="[prd]" Column="PrdRef"/><ColumnReference Database="[PTributario_Montelibano]" Schema="[dbo]" Table="[IMP_Contribuyente]" Alias="[prd]" Column="PrdDir"/><ColumnReference Database="[PTributario_Montelibano]" Schema="[dbo]" Table="[IMP_Contribuyente]" Alias="[prd]" Column="PrdPrpNom"/><ColumnReference Database="[PTributario_Montelibano]" Schema="[dbo]" Table="[PRD_Avaluo]" Alias="[avl]" Column="PrdVigAvl"/><ColumnReference Database="[PTributario_Montelibano]" Schema="[dbo]" Table="[PRD_Avaluo]" Alias="[avl]" Column="PrdVigDstCod"/><ColumnReference Database="[PTributario_Montelibano]" Schema="[dbo]" Table="[PRD_Avaluo]" Alias="[avla]" Column="PrdVigAvl"/><ColumnReference Database="[PTributario_Montelibano]" Schema="[dbo]" Table="[PRD_Avaluo]" Alias="[avla]" Column="PrdVigDstCod"/><ColumnReference Database="[PTributario_Montelibano]" Schema="[dbo]" Table="[PRD_Avaluo]" Alias="[avla]" Column="PrdVigTprCod"/><ColumnReference Column="Expr1012"/><ColumnReference Column="Expr1014"/><ColumnReference Column="Expr1015"/><ColumnReference Column="Expr1016"/><ColumnReference Column="Expr1017"/><ColumnReference Column="Expr1024"/><ColumnReference Column="Expr1027"/><ColumnReference Database="[PTributario_Montelibano]" Schema="[dbo]" Table="[PRD_Tipo]" Alias="[tpr]" Column="TprNom"/></OutputList><NestedLoops Optimized="0"><Predicate><ScalarOperator ScalarString="[PTributario_Montelibano].[dbo].[PRD_Avaluo].[PrdVigTprCod] as [avl].[PrdVigTprCod]=[PTributario_Montelibano].[dbo].[PRD_Tipo].[TprCod] as [tpr].[TprCod]"><Compare CompareOp="EQ"><ScalarOperator><Identifier><ColumnReference Database="[PTributario_Montelibano]" Schema="[dbo]" Table="[PRD_Avaluo]" Alias="[avl]" Column="PrdVigTprCod"/></Identifier></ScalarOperator><ScalarOperator><Identifier><ColumnReference Database="[PTributario_Montelibano]" Schema="[dbo]" Table="[PRD_Tipo]" Alias="[tpr]" Column="TprCod"/></Identifier></ScalarOperator></Compare></ScalarOperator></Predicate><RelOp NodeId="5" PhysicalOp="Nested Loops" LogicalOp="Inner Join" EstimateRows="32.6696" EstimateIO="0" EstimateCPU="0.000136559" AvgRowSize="470" EstimatedTotalSubtreeCost="5.60182" Parallel="0" EstimateRebinds="0" EstimateRewinds="0"><OutputList><ColumnReference Database="[PTributario_Montelibano]" Schema="[dbo]" Table="[IMP_Contribuyente]" Alias="[prd]" Column="PrdRef"/><ColumnReference Database="[PTributario_Montelibano]" Schema="[dbo]" Table="[IMP_Contribuyente]" Alias="[prd]" Column="PrdDir"/><ColumnReference Database="[PTributario_Montelibano]" Schema="[dbo]" Table="[IMP_Contribuyente]" Alias="[prd]" Column="PrdPrpNom"/><ColumnReference Database="[PTributario_Montelibano]" Schema="[dbo]" Table="[PRD_Avaluo]" Alias="[avl]" Column="PrdVigAvl"/><ColumnReference Database="[PTributario_Montelibano]" Schema="[dbo]" Table="[PRD_Avaluo]" Alias="[avl]" Column="PrdVigDstCod"/><ColumnReference Database="[PTributario_Montelibano]" Schema="[dbo]" Table="[PRD_Avaluo]" Alias="[avl]" Column="PrdVigTprCod"/><ColumnReference Database="[PTributario_Montelibano]" Schema="[dbo]" Table="[PRD_Avaluo]" Alias="[avla]" Column="PrdVigAvl"/><ColumnReference Database="[PTributario_Montelibano]" Schema="[dbo]" Table="[PRD_Avaluo]" Alias="[avla]" Column="PrdVigDstCod"/><ColumnReference Database="[PTributario_Montelibano]" Schema="[dbo]" Table="[PRD_Avaluo]" Alias="[avla]" Column="PrdVigTprCod"/><ColumnReference Column="Expr1012"/><ColumnReference Column="Expr1014"/><ColumnReference Column="Expr1015"/><ColumnReference Column="Expr1016"/><ColumnReference Column="Expr1017"/><ColumnReference Column="Expr1024"/><ColumnReference Column="Expr1027"/></OutputList><NestedLoops Optimized="1" WithUnorderedPrefetch="1"><OuterReferences><ColumnReference Column="Expr1023"/><ColumnReference Column="Expr1057"/></OuterReferences><RelOp NodeId="8" PhysicalOp="Nested Loops" LogicalOp="Inner Join" EstimateRows="32.6696" EstimateIO="0" EstimateCPU="0.000136559" AvgRowSize="472" EstimatedTotalSubtreeCost="5.56528" Parallel="0" EstimateRebinds="0" EstimateRewinds="0"><OutputList><ColumnReference Database="[PTributario_Montelibano]" Schema="[dbo]" Table="[IMP_Contribuyente]" Alias="[prd]" Column="PrdRef"/><ColumnReference Database="[PTributario_Montelibano]" Schema="[dbo]" Table="[IMP_Contribuyente]" Alias="[prd]" Column="PrdDir"/><ColumnReference Database="[PTributario_Montelibano]" Schema="[dbo]" Table="[IMP_Contribuyente]" Alias="[prd]" Column="PrdPrpNom"/><ColumnReference Database="[PTributario_Montelibano]" Schema="[dbo]" Table="[PRD_Avaluo]" Alias="[avla]" Column="PrdVigAvl"/><ColumnReference Database="[PTributario_Montelibano]" Schema="[dbo]" Table="[PRD_Avaluo]" Alias="[avla]" Column="PrdVigDstCod"/><ColumnReference Database="[PTributario_Montelibano]" Schema="[dbo]" Table="[PRD_Avaluo]" Alias="[avla]" Column="PrdVigTprCod"/><ColumnReference Column="Expr1012"/><ColumnReference Column="Expr1014"/><ColumnReference Column="Expr1015"/><ColumnReference Column="Expr1016"/><ColumnReference Column="Expr1017"/><ColumnReference Column="Expr1023"/><ColumnReference Column="Expr1024"/><ColumnReference Column="Expr1027"/></OutputList><NestedLoops Optimized="1" WithUnorderedPrefetch="1"><OuterReferences><ColumnReference Column="Expr1023"/><ColumnReference Column="Expr1056"/></OuterReferences><RelOp NodeId="11" PhysicalOp="Nested Loops" LogicalOp="Inner Join" EstimateRows="32.6696" EstimateIO="0" EstimateCPU="0.000136559" AvgRowSize="444" EstimatedTotalSubtreeCost="5.52874" Parallel="0" EstimateRebinds="0" EstimateRewinds="0"><OutputList><ColumnReference Database="[PTributario_Montelibano]" Schema="[dbo]" Table="[IMP_Contribuyente]" Alias="[prd]" Column="PrdRef"/><ColumnReference Database="[PTributario_Montelibano]" Schema="[dbo]" Table="[IMP_Contribuyente]" Alias="[prd]" Column="PrdDir"/><ColumnReference Database="[PTributario_Montelibano]" Schema="[dbo]" Table="[IMP_Contribuyente]" Alias="[prd]" Column="PrdPrpNom"/><ColumnReference Column="Expr1012"/><ColumnReference Column="Expr1014"/><ColumnReference Column="Expr1015"/><ColumnReference Column="Expr1016"/><ColumnReference Column="Expr1017"/><ColumnReference Column="Expr1023"/><ColumnReference Column="Expr1024"/><ColumnReference Column="Expr1027"/></OutputList><NestedLoops Optimized="1" WithUnorderedPrefetch="1"><OuterReferences><ColumnReference Column="Expr1023"/><ColumnReference Column="Expr1055"/></OuterReferences><RelOp NodeId="14" PhysicalOp="Hash Match" LogicalOp="Inner Join" EstimateRows="32.6696" EstimateIO="0" EstimateCPU="0.0199832" AvgRowSize="93" EstimatedTotalSubtreeCost="5.49223" Parallel="0" EstimateRebinds="0" EstimateRewinds="0"><OutputList><ColumnReference Column="Expr1012"/><ColumnReference Column="Expr1014"/><ColumnReference Column="Expr1015"/><ColumnReference Column="Expr1016"/><ColumnReference Column="Expr1017"/><ColumnReference Column="Expr1023"/><ColumnReference Column="Expr1024"/><ColumnReference Column="Expr1027"/></OutputList><MemoryFractions Input="0" Output="0"/><Hash><DefinedValues/><HashKeysBuild><ColumnReference Column="Expr1011"/></HashKeysBuild><HashKeysProbe><ColumnReference Column="Expr1023"/></HashKeysProbe><ProbeResidual><ScalarOperator ScalarString="[Expr1011]=[Expr1023]"><Compare CompareOp="EQ"><ScalarOperator><Identifier><ColumnReference Column="Expr1011"/></Identifier></ScalarOperator><ScalarOperator><Identifier><ColumnReference Column="Expr1023"/></Identifier></ScalarOperator></Compare></ScalarOperator></ProbeResidual><RelOp NodeId="15" PhysicalOp="Stream Aggregate" LogicalOp="Aggregate" EstimateRows="1" EstimateIO="0" EstimateCPU="1.1e-006" AvgRowSize="81" EstimatedTotalSubtreeCost="2.55011" Parallel="0" EstimateRebinds="0" EstimateRewinds="0"><OutputList><ColumnReference Column="Expr1011"/><ColumnReference Column="Expr1012"/><ColumnReference Column="Expr1014"/><ColumnReference Column="Expr1015"/><ColumnReference Column="Expr1016"/><ColumnReference Column="Expr1017"/></OutputList><StreamAggregate><DefinedValues><DefinedValue><ColumnReference Column="Expr1011"/><ScalarOperator ScalarString="MAX([PTributario_Montelibano].[dbo].[IMP_Movimiento].[CntCod] as [mov].[CntCod])"><Aggregate Distinct="0" AggType="MAX"><ScalarOperator><Identifier><ColumnReference Database="[PTributario_Montelibano]" Schema="[dbo]" Table="[IMP_Movimiento]" Alias="[mov]" Column="CntCod"/></Identifier></ScalarOperator></Aggregate></ScalarOperator></DefinedValue><DefinedValue><ColumnReference Column="Expr1012"/><ScalarOperator ScalarString="MAX([PTributario_Montelibano].[dbo].[IMP_MovimientoDetalle].[MdetTar] as [mdet].[MdetTar])"><Aggregate Distinct="0" AggType="MAX"><ScalarOperator><Identifier><ColumnReference Database="[PTributario_Montelibano]" Schema="[dbo]" Table="[IMP_MovimientoDetalle]" Alias="[mdet]" Column="MdetTar"/></Identifier></ScalarOperator></Aggregate></ScalarOperator></DefinedValue><DefinedValue><ColumnReference Column="Expr1014"/><ScalarOperator ScalarString="SUM([PTributario_Montelibano].[dbo].[IMP_MovimientoDetalle].[MdetFac] as [mdet].[MdetFac])"><Aggregate Distinct="0" AggType="SUM"><ScalarOperator><Identifier><ColumnReference Database="[PTributario_Montelibano]" Schema="[dbo]" Table="[IMP_MovimientoDetalle]" Alias="[mdet]" Column="MdetFac"/></Identifier></ScalarOperator></Aggregate></ScalarOperator></DefinedValue><DefinedValue><ColumnReference Column="Expr1015"/><ScalarOperator ScalarString="SUM([Expr1042])"><Aggregate Distinct="0" AggType="SUM"><ScalarOperator><Identifier><ColumnReference Column="Expr1042"/></Identifier></ScalarOperator></Aggregate></ScalarOperator></DefinedValue><DefinedValue><ColumnReference Column="Expr1016"/><ScalarOperator ScalarString="MAX([PTributario_Montelibano].[dbo].[IMP_MovimientoDetalle].[MdetLim] as [mdet].[MdetLim])"><Aggregate Distinct="0" AggType="MAX"><ScalarOperator><Identifier><ColumnReference Database="[PTributario_Montelibano]" Schema="[dbo]" Table="[IMP_MovimientoDetalle]" Alias="[mdet]" Column="MdetLim"/></Identifier></ScalarOperator></Aggregate></ScalarOperator></DefinedValue><DefinedValue><ColumnReference Column="Expr1017"/><ScalarOperator ScalarString="MAX([PTributario_Montelibano].[dbo].[IMP_MovimientoDetalle].[MdetLimFct] as [mdet].[MdetLimFct])"><Aggregate Distinct="0" AggType="MAX"><ScalarOperator><Identifier><ColumnReference Database="[PTributario_Montelibano]" Schema="[dbo]" Table="[IMP_MovimientoDetalle]" Alias="[mdet]" Column="MdetLimFct"/></Identifier></ScalarOperator></Aggregate></ScalarOperator></DefinedValue></DefinedValues><GroupBy><ColumnReference Database="[PTributario_Montelibano]" Schema="[dbo]" Table="[IMP_Movimiento]" Alias="[mov]" Column="MovCod"/></GroupBy><RelOp NodeId="16" PhysicalOp="Nested Loops" LogicalOp="Inner Join" EstimateRows="1" EstimateIO="0" EstimateCPU="4.18e-006" AvgRowSize="90" EstimatedTotalSubtreeCost="2.5501" Parallel="0" EstimateRebinds="0" EstimateRewinds="0"><OutputList><ColumnReference Database="[PTributario_Montelibano]" Schema="[dbo]" Table="[IMP_Movimiento]" Alias="[mov]" Column="MovCod"/><ColumnReference Database="[PTributario_Montelibano]" Schema="[dbo]" Table="[IMP_Movimiento]" Alias="[mov]" Column="CntCod"/><ColumnReference Database="[PTributario_Montelibano]" Schema="[dbo]" Table="[IMP_MovimientoDetalle]" Alias="[mdet]" Column="MdetFac"/><ColumnReference Database="[PTributario_Montelibano]" Schema="[dbo]" Table="[IMP_MovimientoDetalle]" Alias="[mdet]" Column="MdetTar"/><ColumnReference Database="[PTributario_Montelibano]" Schema="[dbo]" Table="[IMP_MovimientoDetalle]" Alias="[mdet]" Column="MdetLimFct"/><ColumnReference Database="[PTributario_Montelibano]" Schema="[dbo]" Table="[IMP_MovimientoDetalle]" Alias="[mdet]" Column="MdetLim"/><ColumnReference Column="Expr1042"/></OutputList><NestedLoops Optimized="0"><OuterReferences><ColumnReference Database="[PTributario_Montelibano]" Schema="[dbo]" Table="[IMP_MovimientoDetalle]" Alias="[mdet]" Column="MovCod"/></OuterReferences><RelOp NodeId="17" PhysicalOp="Sort" LogicalOp="Sort" EstimateRows="1" EstimateIO="0.0112613" EstimateCPU="0.00010006" AvgRowSize="60" EstimatedTotalSubtreeCost="2.54682" Parallel="0" EstimateRebinds="0" EstimateRewinds="0"><OutputList><ColumnReference Database="[PTributario_Montelibano]" Schema="[dbo]" Table="[IMP_MovimientoDetalle]" Alias="[mdet]" Column="MovCod"/><ColumnReference Database="[PTributario_Montelibano]" Schema="[dbo]" Table="[IMP_MovimientoDetalle]" Alias="[mdet]" Column="MdetFac"/><ColumnReference Database="[PTributario_Montelibano]" Schema="[dbo]" Table="[IMP_MovimientoDetalle]" Alias="[mdet]" Column="MdetTar"/><ColumnReference Database="[PTributario_Montelibano]" Schema="[dbo]" Table="[IMP_MovimientoDetalle]" Alias="[mdet]" Column="MdetLimFct"/><ColumnReference Database="[PTributario_Montelibano]" Schema="[dbo]" Table="[IMP_MovimientoDetalle]" Alias="[mdet]" Column="MdetLim"/><ColumnReference Column="Expr1042"/></OutputList><MemoryFractions Input="0.00364964" Output="1"/><Sort Distinct="0"><OrderBy><OrderByColumn Ascending="1"><ColumnReference Database="[PTributario_Montelibano]" Schema="[dbo]" Table="[IMP_MovimientoDetalle]" Alias="[mdet]" Column="MovCod"/></OrderByColumn></OrderBy><RelOp NodeId="18" PhysicalOp="Compute Scalar" LogicalOp="Compute Scalar" EstimateRows="1" EstimateIO="0" EstimateCPU="1e-007" AvgRowSize="60" EstimatedTotalSubtreeCost="2.53546" Parallel="0" EstimateRebinds="0" EstimateRewinds="0"><OutputList><ColumnReference Database="[PTributario_Montelibano]" Schema="[dbo]" Table="[IMP_MovimientoDetalle]" Alias="[mdet]" Column="MovCod"/><ColumnReference Database="[PTributario_Montelibano]" Schema="[dbo]" Table="[IMP_MovimientoDetalle]" Alias="[mdet]" Column="MdetFac"/><ColumnReference Database="[PTributario_Montelibano]" Schema="[dbo]" Table="[IMP_MovimientoDetalle]" Alias="[mdet]" Column="MdetTar"/><ColumnReference Database="[PTributario_Montelibano]" Schema="[dbo]" Table="[IMP_MovimientoDetalle]" Alias="[mdet]" Column="MdetLimFct"/><ColumnReference Database="[PTributario_Montelibano]" Schema="[dbo]" Table="[IMP_MovimientoDetalle]" Alias="[mdet]" Column="MdetLim"/><ColumnReference Column="Expr1042"/></OutputList><ComputeScalar><DefinedValues><DefinedValue><ColumnReference Column="Expr1042"/><ScalarOperator ScalarString="(([PTributario_Montelibano].[dbo].[IMP_MovimientoDetalle].[MdetFac] as [mdet].[MdetFac]+[PTributario_Montelibano].[dbo].[IMP_MovimientoDetalle].[MdetDeb] as [mdet].[MdetDeb])-[PTributario_Montelibano].[dbo].[IMP_MovimientoDetalle].[MdetCrd] as [mdet].[MdetCrd])-[PTributario_Montelibano].[dbo].[IMP_MovimientoDetalle].[MdetPag] as [mdet].[MdetPag]"><Arithmetic Operation="SUB"><ScalarOperator><Arithmetic Operation="SUB"><ScalarOperator><Arithmetic Operation="ADD"><ScalarOperator><Identifier><ColumnReference Database="[PTributario_Montelibano]" Schema="[dbo]" Table="[IMP_MovimientoDetalle]" Alias="[mdet]" Column="MdetFac"/></Identifier></ScalarOperator><ScalarOperator><Identifier><ColumnReference Database="[PTributario_Montelibano]" Schema="[dbo]" Table="[IMP_MovimientoDetalle]" Alias="[mdet]" Column="MdetDeb"/></Identifier></ScalarOperator></Arithmetic></ScalarOperator><ScalarOperator><Identifier><ColumnReference Database="[PTributario_Montelibano]" Schema="[dbo]" Table="[IMP_MovimientoDetalle]" Alias="[mdet]" Column="MdetCrd"/></Identifier></ScalarOperator></Arithmetic></ScalarOperator><ScalarOperator><Identifier><ColumnReference Database="[PTributario_Montelibano]" Schema="[dbo]" Table="[IMP_MovimientoDetalle]" Alias="[mdet]" Column="MdetPag"/></Identifier></ScalarOperator></Arithmetic></ScalarOperator></DefinedValue></DefinedValues><RelOp NodeId="19" PhysicalOp="Nested Loops" LogicalOp="Inner Join" EstimateRows="333.435" EstimateIO="0" EstimateCPU="0.00139376" AvgRowSize="76" EstimatedTotalSubtreeCost="2.53516" Parallel="0" EstimateRebinds="0" EstimateRewinds="0"><OutputList><ColumnReference Database="[PTributario_Montelibano]" Schema="[dbo]" Table="[IMP_MovimientoDetalle]" Alias="[mdet]" Column="MovCod"/><ColumnReference Database="[PTributario_Montelibano]" Schema="[dbo]" Table="[IMP_MovimientoDetalle]" Alias="[mdet]" Column="MdetFac"/><ColumnReference Database="[PTributario_Montelibano]" Schema="[dbo]" Table="[IMP_MovimientoDetalle]" Alias="[mdet]" Column="MdetPag"/><ColumnReference Database="[PTributario_Montelibano]" Schema="[dbo]" Table="[IMP_MovimientoDetalle]" Alias="[mdet]" Column="MdetCrd"/><ColumnReference Database="[PTributario_Montelibano]" Schema="[dbo]" Table="[IMP_MovimientoDetalle]" Alias="[mdet]" Column="MdetDeb"/><ColumnReference Database="[PTributario_Montelibano]" Schema="[dbo]" Table="[IMP_MovimientoDetalle]" Alias="[mdet]" Column="MdetTar"/><ColumnReference Database="[PTributario_Montelibano]" Schema="[dbo]" Table="[IMP_MovimientoDetalle]" Alias="[mdet]" Column="MdetLimFct"/><ColumnReference Database="[PTributario_Montelibano]" Schema="[dbo]" Table="[IMP_MovimientoDetalle]" Alias="[mdet]" Column="MdetLim"/></OutputList><NestedLoops Optimized="1" WithUnorderedPrefetch="1"><OuterReferences><ColumnReference Database="[PTributario_Montelibano]" Schema="[dbo]" Table="[IMP_MovimientoDetalle]" Alias="[mdet]" Column="ImpCod"/><ColumnReference Database="[PTributario_Montelibano]" Schema="[dbo]" Table="[IMP_MovimientoDetalle]" Alias="[mdet]" Column="MovCod"/><ColumnReference Database="[PTributario_Montelibano]" Schema="[dbo]" Table="[IMP_MovimientoDetalle]" Alias="[mdet]" Column="MdetItm"/><ColumnReference Column="Expr1053"/></OuterReferences><RelOp NodeId="23" PhysicalOp="Hash Match" LogicalOp="Inner Join" EstimateRows="333.435" EstimateIO="0" EstimateCPU="1.13209" AvgRowSize="38" EstimatedTotalSubtreeCost="1.44859" Parallel="0" EstimateRebinds="0" EstimateRewinds="0"><OutputList><ColumnReference Database="[PTributario_Montelibano]" Schema="[dbo]" Table="[IMP_MovimientoDetalle]" Alias="[mdet]" Column="ImpCod"/><ColumnReference Database="[PTributario_Montelibano]" Schema="[dbo]" Table="[IMP_MovimientoDetalle]" Alias="[mdet]" Column="MovCod"/><ColumnReference Database="[PTributario_Montelibano]" Schema="[dbo]" Table="[IMP_MovimientoDetalle]" Alias="[mdet]" Column="MdetItm"/></OutputList><MemoryFractions Input="1" Output="0.989051"/><Hash><DefinedValues/><HashKeysBuild><ColumnReference Database="[PTributario_Montelibano]" Schema="[dbo]" Table="[IMP_MovimientoDetalle]" Alias="[mdet]" Column="ImpCod"/><ColumnReference Database="[PTributario_Montelibano]" Schema="[dbo]" Table="[IMP_MovimientoDetalle]" Alias="[mdet]" Column="MovCod"/><ColumnReference Database="[PTributario_Montelibano]" Schema="[dbo]" Table="[IMP_MovimientoDetalle]" Alias="[mdet]" Column="MdetItm"/></HashKeysBuild><HashKeysProbe><ColumnReference Database="[PTributario_Montelibano]" Schema="[dbo]" Table="[IMP_MovimientoDetalle]" Alias="[mdet]" Column="ImpCod"/><ColumnReference Database="[PTributario_Montelibano]" Schema="[dbo]" Table="[IMP_MovimientoDetalle]" Alias="[mdet]" Column="MovCod"/><ColumnReference Database="[PTributario_Montelibano]" Schema="[dbo]" Table="[IMP_MovimientoDetalle]" Alias="[mdet]" Column="MdetItm"/></HashKeysProbe><ProbeResidual><ScalarOperator ScalarString="[PTributario_Montelibano].[dbo].[IMP_MovimientoDetalle].[ImpCod] as [mdet].[ImpCod] = [PTributario_Montelibano].[dbo].[IMP_MovimientoDetalle].[ImpCod] as [mdet].[ImpCod] AND [PTributario_Montelibano].[dbo].[IMP_MovimientoDetalle].[MovCod] as [mdet].[MovCod] = [PTributario_Montelibano].[dbo].[IMP_MovimientoDetalle].[MovCod] as [mdet].[MovCod] AND [PTributario_Montelibano].[dbo].[IMP_MovimientoDetalle].[MdetItm] as [mdet].[MdetItm] = [PTributario_Montelibano].[dbo].[IMP_MovimientoDetalle].[MdetItm] as [mdet].[MdetItm]"><Logical Operation="AND"><ScalarOperator><Compare CompareOp="IS"><ScalarOperator><Identifier><ColumnReference Database="[PTributario_Montelibano]" Schema="[dbo]" Table="[IMP_MovimientoDetalle]" Alias="[mdet]" Column="ImpCod"/></Identifier></ScalarOperator><ScalarOperator><Identifier><ColumnReference Database="[PTributario_Montelibano]" Schema="[dbo]" Table="[IMP_MovimientoDetalle]" Alias="[mdet]" Column="ImpCod"/></Identifier></ScalarOperator></Compare></ScalarOperator><ScalarOperator><Compare CompareOp="IS"><ScalarOperator><Identifier><ColumnReference Database="[PTributario_Montelibano]" Schema="[dbo]" Table="[IMP_MovimientoDetalle]" Alias="[mdet]" Column="MovCod"/></Identifier></ScalarOperator><ScalarOperator><Identifier><ColumnReference Database="[PTributario_Montelibano]" Schema="[dbo]" Table="[IMP_MovimientoDetalle]" Alias="[mdet]" Column="MovCod"/></Identifier></ScalarOperator></Compare></ScalarOperator><ScalarOperator><Compare CompareOp="IS"><ScalarOperator><Identifier><ColumnReference Database="[PTributario_Montelibano]" Schema="[dbo]" Table="[IMP_MovimientoDetalle]" Alias="[mdet]" Column="MdetItm"/></Identifier></ScalarOperator><ScalarOperator><Identifier><ColumnReference Database="[PTributario_Montelibano]" Schema="[dbo]" Table="[IMP_MovimientoDetalle]" Alias="[mdet]" Column="MdetItm"/></Identifier></ScalarOperator></Compare></ScalarOperator></Logical></ScalarOperator></ProbeResidual><RelOp NodeId="24" PhysicalOp="Index Seek" LogicalOp="Index Seek" EstimateRows="24164.2" EstimateIO="0.110213" EstimateCPU="0.0267377" AvgRowSize="38" EstimatedTotalSubtreeCost="0.136951" TableCardinality="1.23238e+006" Parallel="0" EstimateRebinds="0" EstimateRewinds="0"><OutputList><ColumnReference Database="[PTributario_Montelibano]" Schema="[dbo]" Table="[IMP_MovimientoDetalle]" Alias="[mdet]" Column="ImpCod"/><ColumnReference Database="[PTributario_Montelibano]" Schema="[dbo]" Table="[IMP_MovimientoDetalle]" Alias="[mdet]" Column="MovCod"/><ColumnReference Database="[PTributario_Montelibano]" Schema="[dbo]" Table="[IMP_MovimientoDetalle]" Alias="[mdet]" Column="MdetItm"/></OutputList><IndexScan Ordered="1" ScanDirection="FORWARD" ForcedIndex="0" ForceSeek="0" NoExpandHint="0"><DefinedValues><DefinedValue><ColumnReference Database="[PTributario_Montelibano]" Schema="[dbo]" Table="[IMP_MovimientoDetalle]" Alias="[mdet]" Column="ImpCod"/></DefinedValue><DefinedValue><ColumnReference Database="[PTributario_Montelibano]" Schema="[dbo]" Table="[IMP_MovimientoDetalle]" Alias="[mdet]" Column="MovCod"/></DefinedValue><DefinedValue><ColumnReference Database="[PTributario_Montelibano]" Schema="[dbo]" Table="[IMP_MovimientoDetalle]" Alias="[mdet]" Column="MdetItm"/></DefinedValue></DefinedValues><Object Database="[PTributario_Montelibano]" Schema="[dbo]" Table="[IMP_MovimientoDetalle]" Index="[IMOVIMIENTODETALLE1]" Alias="[mdet]" TableReferenceId="1" IndexKind="NonClustered"/><SeekPredicates><SeekPredicateNew><SeekKeys><Prefix ScanType="EQ"><RangeColumns><ColumnReference Database="[PTributario_Montelibano]" Schema="[dbo]" Table="[IMP_MovimientoDetalle]" Alias="[mdet]" Column="ImpCod"/><ColumnReference Database="[PTributario_Montelibano]" Schema="[dbo]" Table="[IMP_MovimientoDetalle]" Alias="[mdet]" Column="CptCod"/></RangeColumns><RangeExpressions><ScalarOperator ScalarString="[@ImpCod]"><Identifier><ColumnReference Column="@ImpCod"/></Identifier></ScalarOperator><ScalarOperator ScalarString="[@aCptCod]"><Identifier><ColumnReference Column="@aCptCod"/></Identifier></ScalarOperator></RangeExpressions></Prefix></SeekKeys></SeekPredicateNew></SeekPredicates></IndexScan></RelOp><RelOp NodeId="25" PhysicalOp="Index Seek" LogicalOp="Index Seek" EstimateRows="32430.9" EstimateIO="0.14371" EstimateCPU="0.035831" AvgRowSize="38" EstimatedTotalSubtreeCost="0.179541" TableCardinality="1.23238e+006" Parallel="0" EstimateRebinds="0" EstimateRewinds="0"><OutputList><ColumnReference Database="[PTributario_Montelibano]" Schema="[dbo]" Table="[IMP_MovimientoDetalle]" Alias="[mdet]" Column="ImpCod"/><ColumnReference Database="[PTributario_Montelibano]" Schema="[dbo]" Table="[IMP_MovimientoDetalle]" Alias="[mdet]" Column="MovCod"/><ColumnReference Database="[PTributario_Montelibano]" Schema="[dbo]" Table="[IMP_MovimientoDetalle]" Alias="[mdet]" Column="MdetItm"/></OutputList><IndexScan Ordered="1" ScanDirection="FORWARD" ForcedIndex="0" ForceSeek="0" NoExpandHint="0"><DefinedValues><DefinedValue><ColumnReference Database="[PTributario_Montelibano]" Schema="[dbo]" Table="[IMP_MovimientoDetalle]" Alias="[mdet]" Column="ImpCod"/></DefinedValue><DefinedValue><ColumnReference Database="[PTributario_Montelibano]" Schema="[dbo]" Table="[IMP_MovimientoDetalle]" Alias="[mdet]" Column="MovCod"/></DefinedValue><DefinedValue><ColumnReference Database="[PTributario_Montelibano]" Schema="[dbo]" Table="[IMP_MovimientoDetalle]" Alias="[mdet]" Column="MdetItm"/></DefinedValue></DefinedValues><Object Database="[PTributario_Montelibano]" Schema="[dbo]" Table="[IMP_MovimientoDetalle]" Index="[IMOVIMIENTODETALLE2]" Alias="[mdet]" TableReferenceId="1" IndexKind="NonClustered"/><SeekPredicates><SeekPredicateNew><SeekKeys><Prefix ScanType="EQ"><RangeColumns><ColumnReference Database="[PTributario_Montelibano]" Schema="[dbo]" Table="[IMP_MovimientoDetalle]" Alias="[mdet]" Column="ImpCod"/><ColumnReference Database="[PTributario_Montelibano]" Schema="[dbo]" Table="[IMP_MovimientoDetalle]" Alias="[mdet]" Column="PeriodCod"/></RangeColumns><RangeExpressions><ScalarOperator ScalarString="[@ImpCod]"><Identifier><ColumnReference Column="@ImpCod"/></Identifier></ScalarOperator><ScalarOperator ScalarString="CONVERT_IMPLICIT(decimal(10,0),[@PeriodCod],0)"><Identifier><ColumnReference Column="ConstExpr1039"><ScalarOperator><Convert DataType="decimal" Precision="10" Scale="0" Style="0" Implicit="1"><ScalarOperator><Identifier><ColumnReference Column="@PeriodCod"/></Identifier></ScalarOperator></Convert></ScalarOperator></ColumnReference></Identifier></ScalarOperator></RangeExpressions></Prefix></SeekKeys></SeekPredicateNew></SeekPredicates></IndexScan></RelOp></Hash></RelOp><RelOp NodeId="35" PhysicalOp="Clustered Index Seek" LogicalOp="Clustered Index Seek" EstimateRows="1" EstimateIO="0.003125" EstimateCPU="0.0001581" AvgRowSize="67" EstimatedTotalSubtreeCost="1.08518" TableCardinality="1.23238e+006" Parallel="0" EstimateRebinds="332.435" EstimateRewinds="0"><OutputList><ColumnReference Database="[PTributario_Montelibano]" Schema="[dbo]" Table="[IMP_MovimientoDetalle]" Alias="[mdet]" Column="MdetFac"/><ColumnReference Database="[PTributario_Montelibano]" Schema="[dbo]" Table="[IMP_MovimientoDetalle]" Alias="[mdet]" Column="MdetPag"/><ColumnReference Database="[PTributario_Montelibano]" Schema="[dbo]" Table="[IMP_MovimientoDetalle]" Alias="[mdet]" Column="MdetCrd"/><ColumnReference Database="[PTributario_Montelibano]" Schema="[dbo]" Table="[IMP_MovimientoDetalle]" Alias="[mdet]" Column="MdetDeb"/><ColumnReference Database="[PTributario_Montelibano]" Schema="[dbo]" Table="[IMP_MovimientoDetalle]" Alias="[mdet]" Column="MdetTar"/><ColumnReference Database="[PTributario_Montelibano]" Schema="[dbo]" Table="[IMP_MovimientoDetalle]" Alias="[mdet]" Column="MdetLimFct"/><ColumnReference Database="[PTributario_Montelibano]" Schema="[dbo]" Table="[IMP_MovimientoDetalle]" Alias="[mdet]" Column="MdetLim"/></OutputList><IndexScan Lookup="1" Ordered="1" ScanDirection="FORWARD" ForcedIndex="0" ForceSeek="0" NoExpandHint="0"><DefinedValues><DefinedValue><ColumnReference Database="[PTributario_Montelibano]" Schema="[dbo]" Table="[IMP_MovimientoDetalle]" Alias="[mdet]" Column="MdetFac"/></DefinedValue><DefinedValue><ColumnReference Database="[PTributario_Montelibano]" Schema="[dbo]" Table="[IMP_MovimientoDetalle]" Alias="[mdet]" Column="MdetPag"/></DefinedValue><DefinedValue><ColumnReference Database="[PTributario_Montelibano]" Schema="[dbo]" Table="[IMP_MovimientoDetalle]" Alias="[mdet]" Column="MdetCrd"/></DefinedValue><DefinedValue><ColumnReference Database="[PTributario_Montelibano]" Schema="[dbo]" Table="[IMP_MovimientoDetalle]" Alias="[mdet]" Column="MdetDeb"/></DefinedValue><DefinedValue><ColumnReference Database="[PTributario_Montelibano]" Schema="[dbo]" Table="[IMP_MovimientoDetalle]" Alias="[mdet]" Column="MdetTar"/></DefinedValue><DefinedValue><ColumnReference Database="[PTributario_Montelibano]" Schema="[dbo]" Table="[IMP_MovimientoDetalle]" Alias="[mdet]" Column="MdetLimFct"/></DefinedValue><DefinedValue><ColumnReference Database="[PTributario_Montelibano]" Schema="[dbo]" Table="[IMP_MovimientoDetalle]" Alias="[mdet]" Column="MdetLim"/></DefinedValue></DefinedValues><Object Database="[PTributario_Montelibano]" Schema="[dbo]" Table="[IMP_MovimientoDetalle]" Index="[PK__IMP_MovimientoDe__3C69FB99]" Alias="[mdet]" TableReferenceId="-1" IndexKind="Clustered"/><SeekPredicates><SeekPredicateNew><SeekKeys><Prefix ScanType="EQ"><RangeColumns><ColumnReference Database="[PTributario_Montelibano]" Schema="[dbo]" Table="[IMP_MovimientoDetalle]" Alias="[mdet]" Column="ImpCod"/><ColumnReference Database="[PTributario_Montelibano]" Schema="[dbo]" Table="[IMP_MovimientoDetalle]" Alias="[mdet]" Column="MovCod"/><ColumnReference Database="[PTributario_Montelibano]" Schema="[dbo]" Table="[IMP_MovimientoDetalle]" Alias="[mdet]" Column="MdetItm"/></RangeColumns><RangeExpressions><ScalarOperator ScalarString="[PTributario_Montelibano].[dbo].[IMP_MovimientoDetalle].[ImpCod] as [mdet].[ImpCod]"><Identifier><ColumnReference Database="[PTributario_Montelibano]" Schema="[dbo]" Table="[IMP_MovimientoDetalle]" Alias="[mdet]" Column="ImpCod"/></Identifier></ScalarOperator><ScalarOperator ScalarString="[PTributario_Montelibano].[dbo].[IMP_MovimientoDetalle].[MovCod] as [mdet].[MovCod]"><Identifier><ColumnReference Database="[PTributario_Montelibano]" Schema="[dbo]" Table="[IMP_MovimientoDetalle]" Alias="[mdet]" Column="MovCod"/></Identifier></ScalarOperator><ScalarOperator ScalarString="[PTributario_Montelibano].[dbo].[IMP_MovimientoDetalle].[MdetItm] as [mdet].[MdetItm]"><Identifier><ColumnReference Database="[PTributario_Montelibano]" Schema="[dbo]" Table="[IMP_MovimientoDetalle]" Alias="[mdet]" Column="MdetItm"/></Identifier></ScalarOperator></RangeExpressions></Prefix></SeekKeys></SeekPredicateNew></SeekPredicates><Predicate><ScalarOperator ScalarString="[PTributario_Montelibano].[dbo].[IMP_MovimientoDetalle].[MdetLim] as [mdet].[MdetLim]&lt;&apos;&apos; OR [PTributario_Montelibano].[dbo].[IMP_MovimientoDetalle].[MdetLim] as [mdet].[MdetLim]&gt;&apos;&apos;"><Logical Operation="OR"><ScalarOperator><Compare CompareOp="LT"><ScalarOperator><Identifier><ColumnReference Database="[PTributario_Montelibano]" Schema="[dbo]" Table="[IMP_MovimientoDetalle]" Alias="[mdet]" Column="MdetLim"/></Identifier></ScalarOperator><ScalarOperator><Const ConstValue="&apos;&apos;"/></ScalarOperator></Compare></ScalarOperator><ScalarOperator><Compare CompareOp="GT"><ScalarOperator><Identifier><ColumnReference Database="[PTributario_Montelibano]" Schema="[dbo]" Table="[IMP_MovimientoDetalle]" Alias="[mdet]" Column="MdetLim"/></Identifier></ScalarOperator><ScalarOperator><Const ConstValue="&apos;&apos;"/></ScalarOperator></Compare></ScalarOperator></Logical></ScalarOperator></Predicate></IndexScan></RelOp></NestedLoops></RelOp></ComputeScalar></RelOp></Sort></RelOp><RelOp NodeId="54" PhysicalOp="Index Seek" LogicalOp="Index Seek" EstimateRows="1" EstimateIO="0.003125" EstimateCPU="0.0001581" AvgRowSize="46" EstimatedTotalSubtreeCost="0.0032831" TableCardinality="373899" Parallel="0" EstimateRebinds="0" EstimateRewinds="0"><OutputList><ColumnReference Database="[PTributario_Montelibano]" Schema="[dbo]" Table="[IMP_Movimiento]" Alias="[mov]" Column="MovCod"/><ColumnReference Database="[PTributario_Montelibano]" Schema="[dbo]" Table="[IMP_Movimiento]" Alias="[mov]" Column="CntCod"/></OutputList><IndexScan Ordered="1" ScanDirection="FORWARD" ForcedIndex="0" ForceSeek="0" NoExpandHint="0"><DefinedValues><DefinedValue><ColumnReference Database="[PTributario_Montelibano]" Schema="[dbo]" Table="[IMP_Movimiento]" Alias="[mov]" Column="MovCod"/></DefinedValue><DefinedValue><ColumnReference Database="[PTributario_Montelibano]" Schema="[dbo]" Table="[IMP_Movimiento]" Alias="[mov]" Column="CntCod"/></DefinedValue></DefinedValues><Object Database="[PTributario_Montelibano]" Schema="[dbo]" Table="[IMP_Movimiento]" Index="[XIMP_MOVIMIENTO16]" Alias="[mov]" TableReferenceId="1" IndexKind="NonClustered"/><SeekPredicates><SeekPredicateNew><SeekKeys><Prefix ScanType="EQ"><RangeColumns><ColumnReference Database="[PTributario_Montelibano]" Schema="[dbo]" Table="[IMP_Movimiento]" Alias="[mov]" Column="ImpCod"/><ColumnReference Database="[PTributario_Montelibano]" Schema="[dbo]" Table="[IMP_Movimiento]" Alias="[mov]" Column="MovEst"/><ColumnReference Database="[PTributario_Montelibano]" Schema="[dbo]" Table="[IMP_Movimiento]" Alias="[mov]" Column="MovTip"/><ColumnReference Database="[PTributario_Montelibano]" Schema="[dbo]" Table="[IMP_Movimiento]" Alias="[mov]" Column="MovCod"/></RangeColumns><RangeExpressions><ScalarOperator ScalarString="[@ImpCod]"><Identifier><ColumnReference Column="@ImpCod"/></Identifier></ScalarOperator><ScalarOperator ScalarString="(1)"><Const ConstValue="(1)"/></ScalarOperator><ScalarOperator ScalarString="&apos;CAUSACION&apos;"><Const ConstValue="&apos;CAUSACION&apos;"/></ScalarOperator><ScalarOperator ScalarString="[PTributario_Montelibano].[dbo].[IMP_MovimientoDetalle].[MovCod] as [mdet].[MovCod]"><Identifier><ColumnReference Database="[PTributario_Montelibano]" Schema="[dbo]" Table="[IMP_MovimientoDetalle]" Alias="[mdet]" Column="MovCod"/></Identifier></ScalarOperator></RangeExpressions></Prefix></SeekKeys></SeekPredicateNew></SeekPredicates></IndexScan></RelOp></NestedLoops></RelOp></StreamAggregate></RelOp><RelOp NodeId="68" PhysicalOp="Stream Aggregate" LogicalOp="Aggregate" EstimateRows="326.696" EstimateIO="0" EstimateCPU="0.000359366" AvgRowSize="49" EstimatedTotalSubtreeCost="2.92214" Parallel="0" EstimateRebinds="0" EstimateRewinds="0"><OutputList><ColumnReference Column="Expr1023"/><ColumnReference Column="Expr1024"/><ColumnReference Column="Expr1027"/></OutputList><StreamAggregate><DefinedValues><DefinedValue><ColumnReference Column="Expr1023"/><ScalarOperator ScalarString="MAX([PTributario_Montelibano].[dbo].[IMP_Movimiento].[CntCod] as [mov].[CntCod])"><Aggregate Distinct="0" AggType="MAX"><ScalarOperator><Identifier><ColumnReference Database="[PTributario_Montelibano]" Schema="[dbo]" Table="[IMP_Movimiento]" Alias="[mov]" Column="CntCod"/></Identifier></ScalarOperator></Aggregate></ScalarOperator></DefinedValue><DefinedValue><ColumnReference Column="Expr1024"/><ScalarOperator ScalarString="MAX([PTributario_Montelibano].[dbo].[IMP_MovimientoDetalle].[MdetTar] as [mdet].[MdetTar])"><Aggregate Distinct="0" AggType="MAX"><ScalarOperator><Identifier><ColumnReference Database="[PTributario_Montelibano]" Schema="[dbo]" Table="[IMP_MovimientoDetalle]" Alias="[mdet]" Column="MdetTar"/></Identifier></ScalarOperator></Aggregate></ScalarOperator></DefinedValue><DefinedValue><ColumnReference Column="Expr1027"/><ScalarOperator ScalarString="SUM([Expr1041])"><Aggregate Distinct="0" AggType="SUM"><ScalarOperator><Identifier><ColumnReference Column="Expr1041"/></Identifier></ScalarOperator></Aggregate></ScalarOperator></DefinedValue></DefinedValues><GroupBy><ColumnReference Database="[PTributario_Montelibano]" Schema="[dbo]" Table="[IMP_Movimiento]" Alias="[mov]" Column="MovCod"/></GroupBy><RelOp NodeId="69" PhysicalOp="Merge Join" LogicalOp="Inner Join" EstimateRows="326.696" EstimateIO="0" EstimateCPU="0.0717652" AvgRowSize="58" EstimatedTotalSubtreeCost="2.92178" Parallel="0" EstimateRebinds="0" EstimateRewinds="0"><OutputList><ColumnReference Database="[PTributario_Montelibano]" Schema="[dbo]" Table="[IMP_Movimiento]" Alias="[mov]" Column="MovCod"/><ColumnReference Database="[PTributario_Montelibano]" Schema="[dbo]" Table="[IMP_Movimiento]" Alias="[mov]" Column="CntCod"/><ColumnReference Database="[PTributario_Montelibano]" Schema="[dbo]" Table="[IMP_MovimientoDetalle]" Alias="[mdet]" Column="MdetTar"/><ColumnReference Column="Expr1041"/></OutputList><Merge ManyToMany="0"><InnerSideJoinColumns><ColumnReference Database="[PTributario_Montelibano]" Schema="[dbo]" Table="[IMP_MovimientoDetalle]" Alias="[mdet]" Column="MovCod"/></InnerSideJoinColumns><OuterSideJoinColumns><ColumnReference Database="[PTributario_Montelibano]" Schema="[dbo]" Table="[IMP_Movimiento]" Alias="[mov]" Column="MovCod"/></OuterSideJoinColumns><Residual><ScalarOperator ScalarString="[PTributario_Montelibano].[dbo].[IMP_MovimientoDetalle].[MovCod] as [mdet].[MovCod]=[PTributario_Montelibano].[dbo].[IMP_Movimiento].[MovCod] as [mov].[MovCod]"><Compare CompareOp="EQ"><ScalarOperator><Identifier><ColumnReference Database="[PTributario_Montelibano]" Schema="[dbo]" Table="[IMP_MovimientoDetalle]" Alias="[mdet]" Column="MovCod"/></Identifier></ScalarOperator><ScalarOperator><Identifier><ColumnReference Database="[PTributario_Montelibano]" Schema="[dbo]" Table="[IMP_Movimiento]" Alias="[mov]" Column="MovCod"/></Identifier></ScalarOperator></Compare></ScalarOperator></Residual><RelOp NodeId="70" PhysicalOp="Index Seek" LogicalOp="Index Seek" EstimateRows="31158.3" EstimateIO="0.264668" EstimateCPU="0.0344311" AvgRowSize="46" EstimatedTotalSubtreeCost="0.299099" TableCardinality="373899" Parallel="0" EstimateRebinds="0" EstimateRewinds="0"><OutputList><ColumnReference Database="[PTributario_Montelibano]" Schema="[dbo]" Table="[IMP_Movimiento]" Alias="[mov]" Column="MovCod"/><ColumnReference Database="[PTributario_Montelibano]" Schema="[dbo]" Table="[IMP_Movimiento]" Alias="[mov]" Column="CntCod"/></OutputList><IndexScan Ordered="1" ScanDirection="FORWARD" ForcedIndex="0" ForceSeek="0" NoExpandHint="0"><DefinedValues><DefinedValue><ColumnReference Database="[PTributario_Montelibano]" Schema="[dbo]" Table="[IMP_Movimiento]" Alias="[mov]" Column="MovCod"/></DefinedValue><DefinedValue><ColumnReference Database="[PTributario_Montelibano]" Schema="[dbo]" Table="[IMP_Movimiento]" Alias="[mov]" Column="CntCod"/></DefinedValue></DefinedValues><Object Database="[PTributario_Montelibano]" Schema="[dbo]" Table="[IMP_Movimiento]" Index="[XIMP_MOVIMIENTO16]" Alias="[mov]" TableReferenceId="2" IndexKind="NonClustered"/><SeekPredicates><SeekPredicateNew><SeekKeys><Prefix ScanType="EQ"><RangeColumns><ColumnReference Database="[PTributario_Montelibano]" Schema="[dbo]" Table="[IMP_Movimiento]" Alias="[mov]" Column="ImpCod"/><ColumnReference Database="[PTributario_Montelibano]" Schema="[dbo]" Table="[IMP_Movimiento]" Alias="[mov]" Column="MovEst"/><ColumnReference Database="[PTributario_Montelibano]" Schema="[dbo]" Table="[IMP_Movimiento]" Alias="[mov]" Column="MovTip"/></RangeColumns><RangeExpressions><ScalarOperator ScalarString="[@ImpCod]"><Identifier><ColumnReference Column="@ImpCod"/></Identifier></ScalarOperator><ScalarOperator ScalarString="(1)"><Const ConstValue="(1)"/></ScalarOperator><ScalarOperator ScalarString="&apos;CAUSACION&apos;"><Const ConstValue="&apos;CAUSACION&apos;"/></ScalarOperator></RangeExpressions></Prefix></SeekKeys></SeekPredicateNew></SeekPredicates></IndexScan></RelOp><RelOp NodeId="71" PhysicalOp="Sort" LogicalOp="Sort" EstimateRows="333.435" EstimateIO="0.0112613" EstimateCPU="0.00445961" AvgRowSize="28" EstimatedTotalSubtreeCost="2.55092" Parallel="0" EstimateRebinds="0" EstimateRewinds="0"><OutputList><ColumnReference Database="[PTributario_Montelibano]" Schema="[dbo]" Table="[IMP_MovimientoDetalle]" Alias="[mdet]" Column="MovCod"/><ColumnReference Database="[PTributario_Montelibano]" Schema="[dbo]" Table="[IMP_MovimientoDetalle]" Alias="[mdet]" Column="MdetTar"/><ColumnReference Column="Expr1041"/></OutputList><MemoryFractions Input="0.00716846" Output="0.985663"/><Sort Distinct="0"><OrderBy><OrderByColumn Ascending="1"><ColumnReference Database="[PTributario_Montelibano]" Schema="[dbo]" Table="[IMP_MovimientoDetalle]" Alias="[mdet]" Column="MovCod"/></OrderByColumn></OrderBy><RelOp NodeId="72" PhysicalOp="Compute Scalar" LogicalOp="Compute Scalar" EstimateRows="333.435" EstimateIO="0" EstimateCPU="3.33435e-005" AvgRowSize="28" EstimatedTotalSubtreeCost="2.5352" Parallel="0" EstimateRebinds="0" EstimateRewinds="0"><OutputList><ColumnReference Database="[PTributario_Montelibano]" Schema="[dbo]" Table="[IMP_MovimientoDetalle]" Alias="[mdet]" Column="MovCod"/><ColumnReference Database="[PTributario_Montelibano]" Schema="[dbo]" Table="[IMP_MovimientoDetalle]" Alias="[mdet]" Column="MdetTar"/><ColumnReference Column="Expr1041"/></OutputList><ComputeScalar><DefinedValues><DefinedValue><ColumnReference Column="Expr1041"/><ScalarOperator ScalarString="(([PTributario_Montelibano].[dbo].[IMP_MovimientoDetalle].[MdetFac] as [mdet].[MdetFac]+[PTributario_Montelibano].[dbo].[IMP_MovimientoDetalle].[MdetDeb] as [mdet].[MdetDeb])-[PTributario_Montelibano].[dbo].[IMP_MovimientoDetalle].[MdetCrd] as [mdet].[MdetCrd])-[PTributario_Montelibano].[dbo].[IMP_MovimientoDetalle].[MdetPag] as [mdet].[MdetPag]"><Arithmetic Operation="SUB"><ScalarOperator><Arithmetic Operation="SUB"><ScalarOperator><Arithmetic Operation="ADD"><ScalarOperator><Identifier><ColumnReference Database="[PTributario_Montelibano]" Schema="[dbo]" Table="[IMP_MovimientoDetalle]" Alias="[mdet]" Column="MdetFac"/></Identifier></ScalarOperator><ScalarOperator><Identifier><ColumnReference Database="[PTributario_Montelibano]" Schema="[dbo]" Table="[IMP_MovimientoDetalle]" Alias="[mdet]" Column="MdetDeb"/></Identifier></ScalarOperator></Arithmetic></ScalarOperator><ScalarOperator><Identifier><ColumnReference Database="[PTributario_Montelibano]" Schema="[dbo]" Table="[IMP_MovimientoDetalle]" Alias="[mdet]" Column="MdetCrd"/></Identifier></ScalarOperator></Arithmetic></ScalarOperator><ScalarOperator><Identifier><ColumnReference Database="[PTributario_Montelibano]" Schema="[dbo]" Table="[IMP_MovimientoDetalle]" Alias="[mdet]" Column="MdetPag"/></Identifier></ScalarOperator></Arithmetic></ScalarOperator></DefinedValue></DefinedValues><RelOp NodeId="73" PhysicalOp="Nested Loops" LogicalOp="Inner Join" EstimateRows="333.435" EstimateIO="0" EstimateCPU="0.00139376" AvgRowSize="52" EstimatedTotalSubtreeCost="2.53516" Parallel="0" EstimateRebinds="0" EstimateRewinds="0"><OutputList><ColumnReference Database="[PTributario_Montelibano]" Schema="[dbo]" Table="[IMP_MovimientoDetalle]" Alias="[mdet]" Column="MovCod"/><ColumnReference Database="[PTributario_Montelibano]" Schema="[dbo]" Table="[IMP_MovimientoDetalle]" Alias="[mdet]" Column="MdetFac"/><ColumnReference Database="[PTributario_Montelibano]" Schema="[dbo]" Table="[IMP_MovimientoDetalle]" Alias="[mdet]" Column="MdetPag"/><ColumnReference Database="[PTributario_Montelibano]" Schema="[dbo]" Table="[IMP_MovimientoDetalle]" Alias="[mdet]" Column="MdetCrd"/><ColumnReference Database="[PTributario_Montelibano]" Schema="[dbo]" Table="[IMP_MovimientoDetalle]" Alias="[mdet]" Column="MdetDeb"/><ColumnReference Database="[PTributario_Montelibano]" Schema="[dbo]" Table="[IMP_MovimientoDetalle]" Alias="[mdet]" Column="MdetTar"/></OutputList><NestedLoops Optimized="1" WithUnorderedPrefetch="1"><OuterReferences><ColumnReference Database="[PTributario_Montelibano]" Schema="[dbo]" Table="[IMP_MovimientoDetalle]" Alias="[mdet]" Column="ImpCod"/><ColumnReference Database="[PTributario_Montelibano]" Schema="[dbo]" Table="[IMP_MovimientoDetalle]" Alias="[mdet]" Column="MovCod"/><ColumnReference Database="[PTributario_Montelibano]" Schema="[dbo]" Table="[IMP_MovimientoDetalle]" Alias="[mdet]" Column="MdetItm"/><ColumnReference Column="Expr1054"/></OuterReferences><RelOp NodeId="77" PhysicalOp="Hash Match" LogicalOp="Inner Join" EstimateRows="333.435" EstimateIO="0" EstimateCPU="1.13209" AvgRowSize="38" EstimatedTotalSubtreeCost="1.44859" Parallel="0" EstimateRebinds="0" EstimateRewinds="0"><OutputList><ColumnReference Database="[PTributario_Montelibano]" Schema="[dbo]" Table="[IMP_MovimientoDetalle]" Alias="[mdet]" Column="ImpCod"/><ColumnReference Database="[PTributario_Montelibano]" Schema="[dbo]" Table="[IMP_MovimientoDetalle]" Alias="[mdet]" Column="MovCod"/><ColumnReference Database="[PTributario_Montelibano]" Schema="[dbo]" Table="[IMP_MovimientoDetalle]" Alias="[mdet]" Column="MdetItm"/></OutputList><MemoryFractions Input="0.985663" Output="0.971326"/><Hash><DefinedValues/><HashKeysBuild><ColumnReference Database="[PTributario_Montelibano]" Schema="[dbo]" Table="[IMP_MovimientoDetalle]" Alias="[mdet]" Column="ImpCod"/><ColumnReference Database="[PTributario_Montelibano]" Schema="[dbo]" Table="[IMP_MovimientoDetalle]" Alias="[mdet]" Column="MovCod"/><ColumnReference Database="[PTributario_Montelibano]" Schema="[dbo]" Table="[IMP_MovimientoDetalle]" Alias="[mdet]" Column="MdetItm"/></HashKeysBuild><HashKeysProbe><ColumnReference Database="[PTributario_Montelibano]" Schema="[dbo]" Table="[IMP_MovimientoDetalle]" Alias="[mdet]" Column="ImpCod"/><ColumnReference Database="[PTributario_Montelibano]" Schema="[dbo]" Table="[IMP_MovimientoDetalle]" Alias="[mdet]" Column="MovCod"/><ColumnReference Database="[PTributario_Montelibano]" Schema="[dbo]" Table="[IMP_MovimientoDetalle]" Alias="[mdet]" Column="MdetItm"/></HashKeysProbe><ProbeResidual><ScalarOperator ScalarString="[PTributario_Montelibano].[dbo].[IMP_MovimientoDetalle].[ImpCod] as [mdet].[ImpCod] = [PTributario_Montelibano].[dbo].[IMP_MovimientoDetalle].[ImpCod] as [mdet].[ImpCod] AND [PTributario_Montelibano].[dbo].[IMP_MovimientoDetalle].[MovCod] as [mdet].[MovCod] = [PTributario_Montelibano].[dbo].[IMP_MovimientoDetalle].[MovCod] as [mdet].[MovCod] AND [PTributario_Montelibano].[dbo].[IMP_MovimientoDetalle].[MdetItm] as [mdet].[MdetItm] = [PTributario_Montelibano].[dbo].[IMP_MovimientoDetalle].[MdetItm] as [mdet].[MdetItm]"><Logical Operation="AND"><ScalarOperator><Compare CompareOp="IS"><ScalarOperator><Identifier><ColumnReference Database="[PTributario_Montelibano]" Schema="[dbo]" Table="[IMP_MovimientoDetalle]" Alias="[mdet]" Column="ImpCod"/></Identifier></ScalarOperator><ScalarOperator><Identifier><ColumnReference Database="[PTributario_Montelibano]" Schema="[dbo]" Table="[IMP_MovimientoDetalle]" Alias="[mdet]" Column="ImpCod"/></Identifier></ScalarOperator></Compare></ScalarOperator><ScalarOperator><Compare CompareOp="IS"><ScalarOperator><Identifier><ColumnReference Database="[PTributario_Montelibano]" Schema="[dbo]" Table="[IMP_MovimientoDetalle]" Alias="[mdet]" Column="MovCod"/></Identifier></ScalarOperator><ScalarOperator><Identifier><ColumnReference Database="[PTributario_Montelibano]" Schema="[dbo]" Table="[IMP_MovimientoDetalle]" Alias="[mdet]" Column="MovCod"/></Identifier></ScalarOperator></Compare></ScalarOperator><ScalarOperator><Compare CompareOp="IS"><ScalarOperator><Identifier><ColumnReference Database="[PTributario_Montelibano]" Schema="[dbo]" Table="[IMP_MovimientoDetalle]" Alias="[mdet]" Column="MdetItm"/></Identifier></ScalarOperator><ScalarOperator><Identifier><ColumnReference Database="[PTributario_Montelibano]" Schema="[dbo]" Table="[IMP_MovimientoDetalle]" Alias="[mdet]" Column="MdetItm"/></Identifier></ScalarOperator></Compare></ScalarOperator></Logical></ScalarOperator></ProbeResidual><RelOp NodeId="78" PhysicalOp="Index Seek" LogicalOp="Index Seek" EstimateRows="24164.2" EstimateIO="0.110213" EstimateCPU="0.0267377" AvgRowSize="38" EstimatedTotalSubtreeCost="0.136951" TableCardinality="1.23238e+006" Parallel="0" EstimateRebinds="0" EstimateRewinds="0"><OutputList><ColumnReference Database="[PTributario_Montelibano]" Schema="[dbo]" Table="[IMP_MovimientoDetalle]" Alias="[mdet]" Column="ImpCod"/><ColumnReference Database="[PTributario_Montelibano]" Schema="[dbo]" Table="[IMP_MovimientoDetalle]" Alias="[mdet]" Column="MovCod"/><ColumnReference Database="[PTributario_Montelibano]" Schema="[dbo]" Table="[IMP_MovimientoDetalle]" Alias="[mdet]" Column="MdetItm"/></OutputList><IndexScan Ordered="1" ScanDirection="FORWARD" ForcedIndex="0" ForceSeek="0" NoExpandHint="0"><DefinedValues><DefinedValue><ColumnReference Database="[PTributario_Montelibano]" Schema="[dbo]" Table="[IMP_MovimientoDetalle]" Alias="[mdet]" Column="ImpCod"/></DefinedValue><DefinedValue><ColumnReference Database="[PTributario_Montelibano]" Schema="[dbo]" Table="[IMP_MovimientoDetalle]" Alias="[mdet]" Column="MovCod"/></DefinedValue><DefinedValue><ColumnReference Database="[PTributario_Montelibano]" Schema="[dbo]" Table="[IMP_MovimientoDetalle]" Alias="[mdet]" Column="MdetItm"/></DefinedValue></DefinedValues><Object Database="[PTributario_Montelibano]" Schema="[dbo]" Table="[IMP_MovimientoDetalle]" Index="[IMOVIMIENTODETALLE1]" Alias="[mdet]" TableReferenceId="2" IndexKind="NonClustered"/><SeekPredicates><SeekPredicateNew><SeekKeys><Prefix ScanType="EQ"><RangeColumns><ColumnReference Database="[PTributario_Montelibano]" Schema="[dbo]" Table="[IMP_MovimientoDetalle]" Alias="[mdet]" Column="ImpCod"/><ColumnReference Database="[PTributario_Montelibano]" Schema="[dbo]" Table="[IMP_MovimientoDetalle]" Alias="[mdet]" Column="CptCod"/></RangeColumns><RangeExpressions><ScalarOperator ScalarString="[@ImpCod]"><Identifier><ColumnReference Column="@ImpCod"/></Identifier></ScalarOperator><ScalarOperator ScalarString="[@aCptCod]"><Identifier><ColumnReference Column="@aCptCod"/></Identifier></ScalarOperator></RangeExpressions></Prefix></SeekKeys></SeekPredicateNew></SeekPredicates></IndexScan></RelOp><RelOp NodeId="79" PhysicalOp="Index Seek" LogicalOp="Index Seek" EstimateRows="32430.9" EstimateIO="0.14371" EstimateCPU="0.035831" AvgRowSize="38" EstimatedTotalSubtreeCost="0.179541" TableCardinality="1.23238e+006" Parallel="0" EstimateRebinds="0" EstimateRewinds="0"><OutputList><ColumnReference Database="[PTributario_Montelibano]" Schema="[dbo]" Table="[IMP_MovimientoDetalle]" Alias="[mdet]" Column="ImpCod"/><ColumnReference Database="[PTributario_Montelibano]" Schema="[dbo]" Table="[IMP_MovimientoDetalle]" Alias="[mdet]" Column="MovCod"/><ColumnReference Database="[PTributario_Montelibano]" Schema="[dbo]" Table="[IMP_MovimientoDetalle]" Alias="[mdet]" Column="MdetItm"/></OutputList><IndexScan Ordered="1" ScanDirection="FORWARD" ForcedIndex="0" ForceSeek="0" NoExpandHint="0"><DefinedValues><DefinedValue><ColumnReference Database="[PTributario_Montelibano]" Schema="[dbo]" Table="[IMP_MovimientoDetalle]" Alias="[mdet]" Column="ImpCod"/></DefinedValue><DefinedValue><ColumnReference Database="[PTributario_Montelibano]" Schema="[dbo]" Table="[IMP_MovimientoDetalle]" Alias="[mdet]" Column="MovCod"/></DefinedValue><DefinedValue><ColumnReference Database="[PTributario_Montelibano]" Schema="[dbo]" Table="[IMP_MovimientoDetalle]" Alias="[mdet]" Column="MdetItm"/></DefinedValue></DefinedValues><Object Database="[PTributario_Montelibano]" Schema="[dbo]" Table="[IMP_MovimientoDetalle]" Index="[IMOVIMIENTODETALLE2]" Alias="[mdet]" TableReferenceId="2" IndexKind="NonClustered"/><SeekPredicates><SeekPredicateNew><SeekKeys><Prefix ScanType="EQ"><RangeColumns><ColumnReference Database="[PTributario_Montelibano]" Schema="[dbo]" Table="[IMP_MovimientoDetalle]" Alias="[mdet]" Column="ImpCod"/><ColumnReference Database="[PTributario_Montelibano]" Schema="[dbo]" Table="[IMP_MovimientoDetalle]" Alias="[mdet]" Column="PeriodCod"/></RangeColumns><RangeExpressions><ScalarOperator ScalarString="[@ImpCod]"><Identifier><ColumnReference Column="@ImpCod"/></Identifier></ScalarOperator><ScalarOperator ScalarString="CONVERT_IMPLICIT(decimal(10,0),[@aPeriodCod],0)"><Identifier><ColumnReference Column="ConstExpr1040"><ScalarOperator><Convert DataType="decimal" Precision="10" Scale="0" Style="0" Implicit="1"><ScalarOperator><Identifier><ColumnReference Column="@aPeriodCod"/></Identifier></ScalarOperator></Convert></ScalarOperator></ColumnReference></Identifier></ScalarOperator></RangeExpressions></Prefix></SeekKeys></SeekPredicateNew></SeekPredicates></IndexScan></RelOp></Hash></RelOp><RelOp NodeId="89" PhysicalOp="Clustered Index Seek" LogicalOp="Clustered Index Seek" EstimateRows="1" EstimateIO="0.003125" EstimateCPU="0.0001581" AvgRowSize="43" EstimatedTotalSubtreeCost="1.08518" TableCardinality="1.23238e+006" Parallel="0" EstimateRebinds="332.435" EstimateRewinds="0"><OutputList><ColumnReference Database="[PTributario_Montelibano]" Schema="[dbo]" Table="[IMP_MovimientoDetalle]" Alias="[mdet]" Column="MdetFac"/><ColumnReference Database="[PTributario_Montelibano]" Schema="[dbo]" Table="[IMP_MovimientoDetalle]" Alias="[mdet]" Column="MdetPag"/><ColumnReference Database="[PTributario_Montelibano]" Schema="[dbo]" Table="[IMP_MovimientoDetalle]" Alias="[mdet]" Column="MdetCrd"/><ColumnReference Database="[PTributario_Montelibano]" Schema="[dbo]" Table="[IMP_MovimientoDetalle]" Alias="[mdet]" Column="MdetDeb"/><ColumnReference Database="[PTributario_Montelibano]" Schema="[dbo]" Table="[IMP_MovimientoDetalle]" Alias="[mdet]" Column="MdetTar"/></OutputList><IndexScan Lookup="1" Ordered="1" ScanDirection="FORWARD" ForcedIndex="0" ForceSeek="0" NoExpandHint="0"><DefinedValues><DefinedValue><ColumnReference Database="[PTributario_Montelibano]" Schema="[dbo]" Table="[IMP_MovimientoDetalle]" Alias="[mdet]" Column="MdetFac"/></DefinedValue><DefinedValue><ColumnReference Database="[PTributario_Montelibano]" Schema="[dbo]" Table="[IMP_MovimientoDetalle]" Alias="[mdet]" Column="MdetPag"/></DefinedValue><DefinedValue><ColumnReference Database="[PTributario_Montelibano]" Schema="[dbo]" Table="[IMP_MovimientoDetalle]" Alias="[mdet]" Column="MdetCrd"/></DefinedValue><DefinedValue><ColumnReference Database="[PTributario_Montelibano]" Schema="[dbo]" Table="[IMP_MovimientoDetalle]" Alias="[mdet]" Column="MdetDeb"/></DefinedValue><DefinedValue><ColumnReference Database="[PTributario_Montelibano]" Schema="[dbo]" Table="[IMP_MovimientoDetalle]" Alias="[mdet]" Column="MdetTar"/></DefinedValue></DefinedValues><Object Database="[PTributario_Montelibano]" Schema="[dbo]" Table="[IMP_MovimientoDetalle]" Index="[PK__IMP_MovimientoDe__3C69FB99]" Alias="[mdet]" TableReferenceId="-1" IndexKind="Clustered"/><SeekPredicates><SeekPredicateNew><SeekKeys><Prefix ScanType="EQ"><RangeColumns><ColumnReference Database="[PTributario_Montelibano]" Schema="[dbo]" Table="[IMP_MovimientoDetalle]" Alias="[mdet]" Column="ImpCod"/><ColumnReference Database="[PTributario_Montelibano]" Schema="[dbo]" Table="[IMP_MovimientoDetalle]" Alias="[mdet]" Column="MovCod"/><ColumnReference Database="[PTributario_Montelibano]" Schema="[dbo]" Table="[IMP_MovimientoDetalle]" Alias="[mdet]" Column="MdetItm"/></RangeColumns><RangeExpressions><ScalarOperator ScalarString="[PTributario_Montelibano].[dbo].[IMP_MovimientoDetalle].[ImpCod] as [mdet].[ImpCod]"><Identifier><ColumnReference Database="[PTributario_Montelibano]" Schema="[dbo]" Table="[IMP_MovimientoDetalle]" Alias="[mdet]" Column="ImpCod"/></Identifier></ScalarOperator><ScalarOperator ScalarString="[PTributario_Montelibano].[dbo].[IMP_MovimientoDetalle].[MovCod] as [mdet].[MovCod]"><Identifier><ColumnReference Database="[PTributario_Montelibano]" Schema="[dbo]" Table="[IMP_MovimientoDetalle]" Alias="[mdet]" Column="MovCod"/></Identifier></ScalarOperator><ScalarOperator ScalarString="[PTributario_Montelibano].[dbo].[IMP_MovimientoDetalle].[MdetItm] as [mdet].[MdetItm]"><Identifier><ColumnReference Database="[PTributario_Montelibano]" Schema="[dbo]" Table="[IMP_MovimientoDetalle]" Alias="[mdet]" Column="MdetItm"/></Identifier></ScalarOperator></RangeExpressions></Prefix></SeekKeys></SeekPredicateNew></SeekPredicates></IndexScan></RelOp></NestedLoops></RelOp></ComputeScalar></RelOp></Sort></RelOp></Merge></RelOp></StreamAggregate></RelOp></Hash></RelOp><RelOp NodeId="113" PhysicalOp="Clustered Index Seek" LogicalOp="Clustered Index Seek" EstimateRows="1" EstimateIO="0.003125" EstimateCPU="0.0001581" AvgRowSize="357" EstimatedTotalSubtreeCost="0.0363674" TableCardinality="23582" Parallel="0" EstimateRebinds="29.4026" EstimateRewinds="2.26696"><OutputList><ColumnReference Database="[PTributario_Montelibano]" Schema="[dbo]" Table="[IMP_Contribuyente]" Alias="[prd]" Column="PrdRef"/><ColumnReference Database="[PTributario_Montelibano]" Schema="[dbo]" Table="[IMP_Contribuyente]" Alias="[prd]" Column="PrdDir"/><ColumnReference Database="[PTributario_Montelibano]" Schema="[dbo]" Table="[IMP_Contribuyente]" Alias="[prd]" Column="PrdPrpNom"/></OutputList><IndexScan Ordered="1" ScanDirection="FORWARD" ForcedIndex="0" ForceSeek="0" NoExpandHint="0"><DefinedValues><DefinedValue><ColumnReference Database="[PTributario_Montelibano]" Schema="[dbo]" Table="[IMP_Contribuyente]" Alias="[prd]" Column="PrdRef"/></DefinedValue><DefinedValue><ColumnReference Database="[PTributario_Montelibano]" Schema="[dbo]" Table="[IMP_Contribuyente]" Alias="[prd]" Column="PrdDir"/></DefinedValue><DefinedValue><ColumnReference Database="[PTributario_Montelibano]" Schema="[dbo]" Table="[IMP_Contribuyente]" Alias="[prd]" Column="PrdPrpNom"/></DefinedValue></DefinedValues><Object Database="[PTributario_Montelibano]" Schema="[dbo]" Table="[IMP_Contribuyente]" Index="[PK__IMP_Cont__DFE1500502E7657A]" Alias="[prd]" IndexKind="Clustered"/><SeekPredicates><SeekPredicateNew><SeekKeys><Prefix ScanType="EQ"><RangeColumns><ColumnReference Database="[PTributario_Montelibano]" Schema="[dbo]" Table="[IMP_Contribuyente]" Alias="[prd]" Column="ImpCod"/><ColumnReference Database="[PTributario_Montelibano]" Schema="[dbo]" Table="[IMP_Contribuyente]" Alias="[prd]" Column="CntCod"/></RangeColumns><RangeExpressions><ScalarOperator ScalarString="[@ImpCod]"><Identifier><ColumnReference Column="@ImpCod"/></Identifier></ScalarOperator><ScalarOperator ScalarString="[Expr1023]"><Identifier><ColumnReference Column="Expr1023"/></Identifier></ScalarOperator></RangeExpressions></Prefix></SeekKeys></SeekPredicateNew></SeekPredicates></IndexScan></RelOp></NestedLoops></RelOp><RelOp NodeId="114" PhysicalOp="Clustered Index Seek" LogicalOp="Clustered Index Seek" EstimateRows="1" EstimateIO="0.003125" EstimateCPU="0.0001581" AvgRowSize="35" EstimatedTotalSubtreeCost="0.0364063" TableCardinality="335285" Parallel="0" EstimateRebinds="29.4026" EstimateRewinds="2.26696"><OutputList><ColumnReference Database="[PTributario_Montelibano]" Schema="[dbo]" Table="[PRD_Avaluo]" Alias="[avla]" Column="PrdVigAvl"/><ColumnReference Database="[PTributario_Montelibano]" Schema="[dbo]" Table="[PRD_Avaluo]" Alias="[avla]" Column="PrdVigDstCod"/><ColumnReference Database="[PTributario_Montelibano]" Schema="[dbo]" Table="[PRD_Avaluo]" Alias="[avla]" Column="PrdVigTprCod"/></OutputList><IndexScan Ordered="1" ScanDirection="FORWARD" ForcedIndex="0" ForceSeek="0" NoExpandHint="0"><DefinedValues><DefinedValue><ColumnReference Database="[PTributario_Montelibano]" Schema="[dbo]" Table="[PRD_Avaluo]" Alias="[avla]" Column="PrdVigAvl"/></DefinedValue><DefinedValue><ColumnReference Database="[PTributario_Montelibano]" Schema="[dbo]" Table="[PRD_Avaluo]" Alias="[avla]" Column="PrdVigDstCod"/></DefinedValue><DefinedValue><ColumnReference Database="[PTributario_Montelibano]" Schema="[dbo]" Table="[PRD_Avaluo]" Alias="[avla]" Column="PrdVigTprCod"/></DefinedValue></DefinedValues><Object Database="[PTributario_Montelibano]" Schema="[dbo]" Table="[PRD_Avaluo]" Index="[PK__PRD_Avaluo__2F10007B]" Alias="[avla]" IndexKind="Clustered"/><SeekPredicates><SeekPredicateNew><SeekKeys><Prefix ScanType="EQ"><RangeColumns><ColumnReference Database="[PTributario_Montelibano]" Schema="[dbo]" Table="[PRD_Avaluo]" Alias="[avla]" Column="ImpCod"/><ColumnReference Database="[PTributario_Montelibano]" Schema="[dbo]" Table="[PRD_Avaluo]" Alias="[avla]" Column="CntCod"/><ColumnReference Database="[PTributario_Montelibano]" Schema="[dbo]" Table="[PRD_Avaluo]" Alias="[avla]" Column="VigCod"/></RangeColumns><RangeExpressions><ScalarOperator ScalarString="[@ImpCod]"><Identifier><ColumnReference Column="@ImpCod"/></Identifier></ScalarOperator><ScalarOperator ScalarString="[Expr1023]"><Identifier><ColumnReference Column="Expr1023"/></Identifier></ScalarOperator><ScalarOperator ScalarString="[@aVgfCod]"><Identifier><ColumnReference Column="@aVgfCod"/></Identifier></ScalarOperator></RangeExpressions></Prefix></SeekKeys></SeekPredicateNew></SeekPredicates></IndexScan></RelOp></NestedLoops></RelOp><RelOp NodeId="115" PhysicalOp="Clustered Index Seek" LogicalOp="Clustered Index Seek" EstimateRows="1" EstimateIO="0.003125" EstimateCPU="0.0001581" AvgRowSize="35" EstimatedTotalSubtreeCost="0.0364063" TableCardinality="335285" Parallel="0" EstimateRebinds="29.4026" EstimateRewinds="2.26696"><OutputList><ColumnReference Database="[PTributario_Montelibano]" Schema="[dbo]" Table="[PRD_Avaluo]" Alias="[avl]" Column="PrdVigAvl"/><ColumnReference Database="[PTributario_Montelibano]" Schema="[dbo]" Table="[PRD_Avaluo]" Alias="[avl]" Column="PrdVigDstCod"/><ColumnReference Database="[PTributario_Montelibano]" Schema="[dbo]" Table="[PRD_Avaluo]" Alias="[avl]" Column="PrdVigTprCod"/></OutputList><IndexScan Ordered="1" ScanDirection="FORWARD" ForcedIndex="0" ForceSeek="0" NoExpandHint="0"><DefinedValues><DefinedValue><ColumnReference Database="[PTributario_Montelibano]" Schema="[dbo]" Table="[PRD_Avaluo]" Alias="[avl]" Column="PrdVigAvl"/></DefinedValue><DefinedValue><ColumnReference Database="[PTributario_Montelibano]" Schema="[dbo]" Table="[PRD_Avaluo]" Alias="[avl]" Column="PrdVigDstCod"/></DefinedValue><DefinedValue><ColumnReference Database="[PTributario_Montelibano]" Schema="[dbo]" Table="[PRD_Avaluo]" Alias="[avl]" Column="PrdVigTprCod"/></DefinedValue></DefinedValues><Object Database="[PTributario_Montelibano]" Schema="[dbo]" Table="[PRD_Avaluo]" Index="[PK__PRD_Avaluo__2F10007B]" Alias="[avl]" IndexKind="Clustered"/><SeekPredicates><SeekPredicateNew><SeekKeys><Prefix ScanType="EQ"><RangeColumns><ColumnReference Database="[PTributario_Montelibano]" Schema="[dbo]" Table="[PRD_Avaluo]" Alias="[avl]" Column="ImpCod"/><ColumnReference Database="[PTributario_Montelibano]" Schema="[dbo]" Table="[PRD_Avaluo]" Alias="[avl]" Column="CntCod"/><ColumnReference Database="[PTributario_Montelibano]" Schema="[dbo]" Table="[PRD_Avaluo]" Alias="[avl]" Column="VigCod"/></RangeColumns><RangeExpressions><ScalarOperator ScalarString="[@ImpCod]"><Identifier><ColumnReference Column="@ImpCod"/></Identifier></ScalarOperator><ScalarOperator ScalarString="[Expr1023]"><Identifier><ColumnReference Column="Expr1023"/></Identifier></ScalarOperator><ScalarOperator ScalarString="[@VgfCod]"><Identifier><ColumnReference Column="@VgfCod"/></Identifier></ScalarOperator></RangeExpressions></Prefix></SeekKeys></SeekPredicateNew></SeekPredicates></IndexScan></RelOp></NestedLoops></RelOp><RelOp NodeId="116" PhysicalOp="Clustered Index Scan" LogicalOp="Clustered Index Scan" EstimateRows="12" EstimateIO="0.0032035" EstimateCPU="9.17e-005" AvgRowSize="137" EstimatedTotalSubtreeCost="0.0061993" TableCardinality="12" Parallel="0" EstimateRebinds="0" EstimateRewinds="31.6696"><OutputList><ColumnReference Database="[PTributario_Montelibano]" Schema="[dbo]" Table="[PRD_Tipo]" Alias="[tpr]" Column="TprCod"/><ColumnReference Database="[PTributario_Montelibano]" Schema="[dbo]" Table="[PRD_Tipo]" Alias="[tpr]" Column="TprNom"/></OutputList><IndexScan Ordered="0" ForcedIndex="0" NoExpandHint="0"><DefinedValues><DefinedValue><ColumnReference Database="[PTributario_Montelibano]" Schema="[dbo]" Table="[PRD_Tipo]" Alias="[tpr]" Column="TprCod"/></DefinedValue><DefinedValue><ColumnReference Database="[PTributario_Montelibano]" Schema="[dbo]" Table="[PRD_Tipo]" Alias="[tpr]" Column="TprNom"/></DefinedValue></DefinedValues><Object Database="[PTributario_Montelibano]" Schema="[dbo]" Table="[PRD_Tipo]" Index="[PK__PRD_Tipo__00551192]" Alias="[tpr]" IndexKind="Clustered"/></IndexScan></RelOp></NestedLoops></RelOp><RelOp NodeId="118" PhysicalOp="Clustered Index Seek" LogicalOp="Clustered Index Seek" EstimateRows="1" EstimateIO="0.003125" EstimateCPU="0.0001581" AvgRowSize="127" EstimatedTotalSubtreeCost="0.00829006" TableCardinality="22" Parallel="0" EstimateRebinds="26.5399" EstimateRewinds="5.12972"><OutputList><ColumnReference Database="[PTributario_Montelibano]" Schema="[dbo]" Table="[PRD_Destino]" Alias="[dst]" Column="DstNom"/></OutputList><IndexScan Ordered="1" ScanDirection="FORWARD" ForcedIndex="0" ForceSeek="0" NoExpandHint="0"><DefinedValues><DefinedValue><ColumnReference Database="[PTributario_Montelibano]" Schema="[dbo]" Table="[PRD_Destino]" Alias="[dst]" Column="DstNom"/></DefinedValue></DefinedValues><Object Database="[PTributario_Montelibano]" Schema="[dbo]" Table="[PRD_Destino]" Index="[PK__PRD_Destino__014935CB]" Alias="[dst]" IndexKind="Clustered"/><SeekPredicates><SeekPredicateNew><SeekKeys><Prefix ScanType="EQ"><RangeColumns><ColumnReference Database="[PTributario_Montelibano]" Schema="[dbo]" Table="[PRD_Destino]" Alias="[dst]" Column="DstCod"/></RangeColumns><RangeExpressions><ScalarOperator ScalarString="[PTributario_Montelibano].[dbo].[PRD_Avaluo].[PrdVigDstCod] as [avl].[PrdVigDstCod]"><Identifier><ColumnReference Database="[PTributario_Montelibano]" Schema="[dbo]" Table="[PRD_Avaluo]" Alias="[avl]" Column="PrdVigDstCod"/></Identifier></ScalarOperator></RangeExpressions></Prefix></SeekKeys></SeekPredicateNew></SeekPredicates></IndexScan></RelOp></NestedLoops></RelOp><RelOp NodeId="119" PhysicalOp="Clustered Index Scan" LogicalOp="Clustered Index Scan" EstimateRows="12" EstimateIO="0.0032035" EstimateCPU="9.17e-005" AvgRowSize="137" EstimatedTotalSubtreeCost="0.0061993" TableCardinality="12" Parallel="0" EstimateRebinds="0" EstimateRewinds="31.6696"><OutputList><ColumnReference Database="[PTributario_Montelibano]" Schema="[dbo]" Table="[PRD_Tipo]" Alias="[tpra]" Column="TprCod"/><ColumnReference Database="[PTributario_Montelibano]" Schema="[dbo]" Table="[PRD_Tipo]" Alias="[tpra]" Column="TprNom"/></OutputList><IndexScan Ordered="0" ForcedIndex="0" NoExpandHint="0"><DefinedValues><DefinedValue><ColumnReference Database="[PTributario_Montelibano]" Schema="[dbo]" Table="[PRD_Tipo]" Alias="[tpra]" Column="TprCod"/></DefinedValue><DefinedValue><ColumnReference Database="[PTributario_Montelibano]" Schema="[dbo]" Table="[PRD_Tipo]" Alias="[tpra]" Column="TprNom"/></DefinedValue></DefinedValues><Object Database="[PTributario_Montelibano]" Schema="[dbo]" Table="[PRD_Tipo]" Index="[PK__PRD_Tipo__00551192]" Alias="[tpra]" IndexKind="Clustered"/></IndexScan></RelOp></NestedLoops></RelOp><RelOp NodeId="121" PhysicalOp="Clustered Index Seek" LogicalOp="Clustered Index Seek" EstimateRows="1" EstimateIO="0.003125" EstimateCPU="0.0001581" AvgRowSize="127" EstimatedTotalSubtreeCost="0.00829006" TableCardinality="22" Parallel="0" EstimateRebinds="26.5399" EstimateRewinds="5.12972"><OutputList><ColumnReference Database="[PTributario_Montelibano]" Schema="[dbo]" Table="[PRD_Destino]" Alias="[dsta]" Column="DstNom"/></OutputList><IndexScan Ordered="1" ScanDirection="FORWARD" ForcedIndex="0" ForceSeek="0" NoExpandHint="0"><DefinedValues><DefinedValue><ColumnReference Database="[PTributario_Montelibano]" Schema="[dbo]" Table="[PRD_Destino]" Alias="[dsta]" Column="DstNom"/></DefinedValue></DefinedValues><Object Database="[PTributario_Montelibano]" Schema="[dbo]" Table="[PRD_Destino]" Index="[PK__PRD_Destino__014935CB]" Alias="[dsta]" IndexKind="Clustered"/><SeekPredicates><SeekPredicateNew><SeekKeys><Prefix ScanType="EQ"><RangeColumns><ColumnReference Database="[PTributario_Montelibano]" Schema="[dbo]" Table="[PRD_Destino]" Alias="[dsta]" Column="DstCod"/></RangeColumns><RangeExpressions><ScalarOperator ScalarString="[PTributario_Montelibano].[dbo].[PRD_Avaluo].[PrdVigDstCod] as [avla].[PrdVigDstCod]"><Identifier><ColumnReference Database="[PTributario_Montelibano]" Schema="[dbo]" Table="[PRD_Avaluo]" Alias="[avla]" Column="PrdVigDstCod"/></Identifier></ScalarOperator></RangeExpressions></Prefix></SeekKeys></SeekPredicateNew></SeekPredicates></IndexScan></RelOp></NestedLoops></RelOp></ComputeScalar></RelOp></QueryPlan></StmtSimple></Statements></Batch></BatchSequence></ShowPlanXML>
